2025-05-26 06:00:20,192 - GHOST - WARNING - 👻 No existing sessions found: no such table: hijacked_sessions
2025-05-26 06:00:20,192 - GHOST - INFO - ================================================================================
2025-05-26 06:00:20,192 - GHOST - INFO - 👻💀 BRIGHT DATA GHOST MODE HIJACK OPERATION INITIATED 💀👻
2025-05-26 06:00:20,193 - GHOST - INFO - 🎯 TARGET: whatilove1728
2025-05-26 06:00:20,193 - GHOST - INFO - 🆔 OPERATION: GHOST_OP_1748239220_6629
2025-05-26 06:00:20,193 - GHOST - INFO - 👻 MAXIMUM STEALTH - ANTI-DETECTION ACTIVE
2025-05-26 06:00:20,193 - GHOST - INFO - ================================================================================
2025-05-26 06:00:20,193 - GHOST - INFO - 👻 GHOST ATTACK 1/2: DIRECT
2025-05-26 06:00:20,193 - GHOST - INFO - 👻 INITIATING SESSION HIJACK WITH DIRECT PROXY
2025-05-26 06:00:20,194 - GHOST - INFO - 👻 Phase 1: Ghost homepage infiltration
2025-05-26 06:00:25,603 - GHOST - INFO - ✅ Ghost homepage infiltration successful
2025-05-26 06:00:25,604 - GHOST - INFO - 👻 Phase 2: Target profile reconnaissance
2025-05-26 06:00:30,329 - GHOST - ERROR - ❌ Target profile access failed: 429
2025-05-26 06:00:30,329 - GHOST - WARNING - ❌ GHOST HIJACK FAILED: direct
2025-05-26 06:00:30,330 - GHOST - INFO - 👻 Ghost mode cooling down...
2025-05-26 06:00:40,535 - GHOST - INFO - 👻 GHOST ATTACK 2/2: TEST_PROXY
2025-05-26 06:00:40,535 - GHOST - INFO - 👻 INITIATING SESSION HIJACK WITH TEST_PROXY PROXY
2025-05-26 06:00:40,535 - GHOST - INFO - 👻 Phase 1: Ghost homepage infiltration
2025-05-26 06:00:45,915 - GHOST - ERROR - ❌ Session hijack failed: HTTPSConnectionPool(host='www.instagram.com', port=443): Max retries exceeded with url: / (Caused by ProxyError('Unable to connect to proxy', OSError('Tunnel connection failed: 407 Proxy Authentication Required')))
2025-05-26 06:00:45,916 - GHOST - WARNING - ❌ GHOST HIJACK FAILED: test_proxy
2025-05-26 06:00:45,916 - GHOST - INFO - ================================================================================
2025-05-26 06:00:45,916 - GHOST - INFO - 👻💀 GHOST OPERATION COMPLETE 💀👻
2025-05-26 06:00:45,916 - GHOST - INFO - ✅ SUCCESSFUL HIJACKS: 0
2025-05-26 06:00:45,916 - GHOST - INFO - ❌ FAILED HIJACKS: 2
2025-05-26 06:00:45,916 - GHOST - ERROR - 🚨 OPERATION STATUS: FAILED
2025-05-26 06:00:45,916 - GHOST - ERROR - ❌ ALL GHOST HIJACK ATTEMPTS FAILED
2025-05-26 06:00:45,916 - GHOST - INFO - ================================================================================
