2025-05-26 05:17:22,329 - ProductionExtractor - INFO - ================================================================================
2025-05-26 05:17:22,329 - ProductionExtractor - INFO - 🔥 PRODUCTION INTELLIGENCE EXTRACTOR INITIATED 🔥
2025-05-26 05:17:22,329 - ProductionExtractor - INFO - 🎯 TARGET: whatilove1728
2025-05-26 05:17:22,329 - ProductionExtractor - INFO - 🔥 ENTERPRISE-LEVEL EXTRACTION IN PROGRESS
2025-05-26 05:17:22,329 - ProductionExtractor - INFO - ================================================================================
2025-05-26 05:17:22,339 - ProductionExtractor - INFO - 🌐 ATTEMPTING EXTRACTION WITH PROXY 1/3
2025-05-26 05:17:22,339 - ProductionExtractor - INFO - 🎯 EXTRACTING PROFILE INTELLIGENCE: whatilove1728
2025-05-26 05:17:23,313 - ProductionExtractor - WARNING - ❌ Profile page returned status: 429
2025-05-26 05:17:23,313 - ProductionExtractor - INFO - 🔍 PROBING API ENDPOINTS
2025-05-26 05:17:25,400 - ProductionExtractor - WARNING - ❌ API endpoint 401: /api/v1/users/web_profile_info/?username=whatilove
2025-05-26 05:17:27,639 - ProductionExtractor - WARNING - ❌ API endpoint 404: /api/v1/users/whatilove1728/info/
2025-05-26 05:17:30,509 - ProductionExtractor - WARNING - ❌ API endpoint 201: /whatilove1728/?__a=1&__d=dis
2025-05-26 05:17:32,461 - ProductionExtractor - WARNING - ❌ API endpoint 401: /graphql/query/?query_hash=c76146de99bb02f6415203b
2025-05-26 05:17:32,462 - ProductionExtractor - INFO - ⚡ EXECUTING GRAPHQL QUERIES
2025-05-26 05:17:36,395 - ProductionExtractor - WARNING - ❌ GraphQL query 401: c76146de99bb02f6
2025-05-26 05:17:40,049 - ProductionExtractor - WARNING - ❌ GraphQL query 401: 69cba40317214236
2025-05-26 05:17:44,033 - ProductionExtractor - WARNING - ❌ GraphQL query 401: 37479f2b8209594d
2025-05-26 05:17:47,451 - ProductionExtractor - WARNING - ❌ GraphQL query 401: 58b6785bea111c67
2025-05-26 05:17:47,451 - ProductionExtractor - INFO - ✅ PROXY 1 EXTRACTION SUCCESSFUL
2025-05-26 05:17:47,451 - ProductionExtractor - INFO - 📊 GENERATING INTELLIGENCE REPORT
2025-05-26 05:17:47,451 - ProductionExtractor - INFO - 🧠 ANALYZING BEHAVIORAL PATTERNS
