2025-05-26 05:16:33,335 - ProductionExtractor - INFO - ================================================================================
2025-05-26 05:16:33,335 - ProductionExtractor - INFO - 🔥 PRODUCTION INTELLIGENCE EXTRACTOR INITIATED 🔥
2025-05-26 05:16:33,335 - ProductionExtractor - INFO - 🎯 TARGET: whatilove1728
2025-05-26 05:16:33,336 - ProductionExtractor - INFO - 🔥 ENTERPRISE-LEVEL EXTRACTION IN PROGRESS
2025-05-26 05:16:33,336 - ProductionExtractor - INFO - ================================================================================
2025-05-26 05:16:33,346 - ProductionExtractor - INFO - 🌐 ATTEMPTING EXTRACTION WITH PROXY 1/3
2025-05-26 05:16:33,346 - ProductionExtractor - INFO - 🎯 EXTRACTING PROFILE INTELLIGENCE: whatilove1728
2025-05-26 05:16:34,333 - ProductionExtractor - WARNING - ❌ Profile page returned status: 429
2025-05-26 05:16:34,333 - ProductionExtractor - INFO - 🔍 PROBING API ENDPOINTS
2025-05-26 05:16:36,015 - ProductionExtractor - WARNING - ❌ API endpoint 401: /api/v1/users/web_profile_info/?username=whatilove
2025-05-26 05:16:39,692 - ProductionExtractor - WARNING - ❌ API endpoint 404: /api/v1/users/whatilove1728/info/
2025-05-26 05:16:42,042 - ProductionExtractor - WARNING - ❌ API endpoint 201: /whatilove1728/?__a=1&__d=dis
2025-05-26 05:16:43,400 - ProductionExtractor - WARNING - ❌ API endpoint 401: /graphql/query/?query_hash=c76146de99bb02f6415203b
2025-05-26 05:16:43,401 - ProductionExtractor - INFO - ⚡ EXECUTING GRAPHQL QUERIES
2025-05-26 05:16:47,645 - ProductionExtractor - WARNING - ❌ GraphQL query 401: c76146de99bb02f6
2025-05-26 05:16:51,392 - ProductionExtractor - INFO - ✅ GraphQL query success: 69cba40317214236
2025-05-26 05:16:55,172 - ProductionExtractor - WARNING - ❌ GraphQL query 401: 37479f2b8209594d
2025-05-26 05:16:59,337 - ProductionExtractor - WARNING - ❌ GraphQL query 401: 58b6785bea111c67
2025-05-26 05:16:59,338 - ProductionExtractor - INFO - ✅ PROXY 1 EXTRACTION SUCCESSFUL
2025-05-26 05:16:59,338 - ProductionExtractor - INFO - 📊 GENERATING INTELLIGENCE REPORT
2025-05-26 05:16:59,338 - ProductionExtractor - INFO - 🧠 ANALYZING BEHAVIORAL PATTERNS
