2025-05-26 05:24:43,810 - INFO - ================================================================================
2025-05-26 05:24:43,810 - INFO - 🔥 ULTIMATE PRODUCTION INTELLIGENCE EXTRACTOR INITIATED 🔥
2025-05-26 05:24:43,810 - INFO - 🎯 TARGET: whatilove1728
2025-05-26 05:24:43,810 - INFO - 🆔 SESSION: EXTRACT_1748237083_40970
2025-05-26 05:24:43,810 - INFO - 🔥 ENTERPRISE-LEVEL MULTI-VECTOR EXTRACTION
2025-05-26 05:24:43,810 - INFO - ================================================================================
2025-05-26 05:24:43,810 - INFO - 📡 METHOD 1: Direct Connection Extraction
2025-05-26 05:24:43,811 - INFO - 🌐 ATTEMPTING DIRECT CONNECTION (NO PROXY)
2025-05-26 05:24:44,382 - WARNING - ❌ Direct connection returned: 429
2025-05-26 05:24:44,383 - WARNING - ❌ Direct connection extraction failed
2025-05-26 05:24:44,388 - INFO - 🌐 METHOD 2: Cross-Platform Intelligence Gathering
2025-05-26 05:24:46,404 - INFO - 🌐 EXTRACTING CROSS-PLATFORM PRESENCE
2025-05-26 05:24:46,405 - INFO - ✅ Cross-platform presence analysis complete
2025-05-26 05:24:46,409 - INFO - 🧠 METHOD 3: Advanced Behavioral Profiling
2025-05-26 05:24:47,860 - INFO - 🧠 GENERATING BEHAVIORAL PROFILE
2025-05-26 05:24:47,860 - INFO - ✅ Behavioral profile generation complete
2025-05-26 05:24:47,860 - INFO - 📊 GENERATING COMPREHENSIVE INTELLIGENCE REPORT
2025-05-26 05:24:47,866 - INFO - 📊 Intelligence report saved: extraction_reports/ULTIMATE_INTELLIGENCE_REPORT_whatilove1728_1748237087.json
2025-05-26 05:24:47,866 - INFO - 💾 Extraction data saved: intelligence_data/EXTRACTION_DATA_whatilove1728_1748237087.json
2025-05-26 05:24:47,867 - INFO - ================================================================================
2025-05-26 05:24:47,867 - INFO - 🔥 ULTIMATE EXTRACTION COMPLETE! 🔥
2025-05-26 05:24:47,867 - INFO - ⏱️  TOTAL EXECUTION TIME: 4.06 seconds
2025-05-26 05:24:47,867 - INFO - 📊 METHODS ATTEMPTED: 3
2025-05-26 05:24:47,867 - INFO - ✅ SUCCESSFUL EXTRACTIONS: 2
2025-05-26 05:24:47,867 - INFO - 📊 SUCCESS RATE: 66.67%
2025-05-26 05:24:47,867 - INFO - 📊 COMPREHENSIVE INTELLIGENCE REPORT GENERATED
2025-05-26 05:24:47,867 - INFO - ================================================================================
