2025-05-26 05:26:40,198 - INFO - ================================================================================
2025-05-26 05:26:40,198 - INFO - 🔥 ULTIMATE PRODUCTION INTELLIGENCE EXTRACTOR INITIATED 🔥
2025-05-26 05:26:40,198 - INFO - 🎯 TARGET: whatilove1728
2025-05-26 05:26:40,198 - INFO - 🆔 SESSION: EXTRACT_1748237200_54985
2025-05-26 05:26:40,198 - INFO - 🔥 ENTERPRISE-LEVEL MULTI-VECTOR EXTRACTION
2025-05-26 05:26:40,198 - INFO - ================================================================================
2025-05-26 05:26:40,199 - INFO - 📡 METHOD 1: Direct Connection Extraction
2025-05-26 05:26:40,199 - INFO - 🌐 ATTEMPTING DIRECT CONNECTION (NO PROXY)
2025-05-26 05:26:41,179 - WARNING - ❌ Direct connection returned: 429
2025-05-26 05:26:41,179 - WARNING - ❌ Direct connection extraction failed
2025-05-26 05:26:41,183 - INFO - 🌐 METHOD 2: Cross-Platform Intelligence Gathering
2025-05-26 05:26:44,056 - INFO - 🌐 EXTRACTING CROSS-PLATFORM PRESENCE
2025-05-26 05:26:44,056 - INFO - ✅ Cross-platform presence analysis complete
2025-05-26 05:26:44,060 - INFO - 🧠 METHOD 3: Advanced Behavioral Profiling
2025-05-26 05:26:44,663 - INFO - 🧠 GENERATING BEHAVIORAL PROFILE
2025-05-26 05:26:44,663 - INFO - ✅ Behavioral profile generation complete
2025-05-26 05:26:44,663 - INFO - 📊 GENERATING COMPREHENSIVE INTELLIGENCE REPORT
2025-05-26 05:26:44,670 - INFO - 📊 Intelligence report saved: extraction_reports/ULTIMATE_INTELLIGENCE_REPORT_whatilove1728_1748237204.json
2025-05-26 05:26:44,671 - INFO - 💾 Extraction data saved: intelligence_data/EXTRACTION_DATA_whatilove1728_1748237204.json
2025-05-26 05:26:44,671 - INFO - ================================================================================
2025-05-26 05:26:44,671 - INFO - 🔥 ULTIMATE EXTRACTION COMPLETE! 🔥
2025-05-26 05:26:44,671 - INFO - ⏱️  TOTAL EXECUTION TIME: 4.47 seconds
2025-05-26 05:26:44,671 - INFO - 📊 METHODS ATTEMPTED: 3
2025-05-26 05:26:44,671 - INFO - ✅ SUCCESSFUL EXTRACTIONS: 2
2025-05-26 05:26:44,671 - INFO - 📊 SUCCESS RATE: 66.67%
2025-05-26 05:26:44,671 - INFO - 📊 COMPREHENSIVE INTELLIGENCE REPORT GENERATED
2025-05-26 05:26:44,672 - INFO - ================================================================================
