2025-05-26 21:53:11,383 - utils.error_handler - INFO - 🚀 Starting show_status at 2025-05-26 21:53:11.383504
2025-05-26 21:53:11,388 - utils.error_handler - INFO - ✅ Completed show_status successfully
2025-05-26 21:53:24,226 - utils.error_handler - INFO - 🚀 Starting quick_start at 2025-05-26 21:53:24.226045
2025-05-26 21:53:24,226 - utils.error_handler - INFO - 🚀 Starting run_tool at 2025-05-26 21:53:24.226741
2025-05-26 21:53:24,314 - utils.error_handler - INFO - 🚀 Starting run_improvement_pipeline at 2025-05-26 21:53:24.314201
2025-05-26 21:53:24,314 - utils.error_handler - INFO - 🚀 Starting create_backup at 2025-05-26 21:53:24.314452
2025-05-26 21:53:24,359 - utils.error_handler - INFO - ✅ Completed create_backup successfully
2025-05-26 21:53:24,359 - utils.error_handler - INFO - 🚀 Starting enhance_python_files at 2025-05-26 21:53:24.359822
2025-05-26 21:53:24,455 - utils.error_handler - INFO - ✅ Completed enhance_python_files successfully
2025-05-26 21:53:24,456 - utils.error_handler - INFO - 🚀 Starting validate_all_sessions at 2025-05-26 21:53:24.456015
2025-05-26 21:53:24,456 - utils.error_handler - ERROR - ❌ Error in validate_all_sessions: 'SessionBatchValidator' object has no attribute 'validate_batch'
2025-05-26 21:53:24,459 - utils.error_handler - ERROR - Full traceback: Traceback (most recent call last):
  File "/workspaces/sugarglitch-realops/utils/error_handler.py", line 37, in wrapper
    result = func(*args, **kwargs)
             ^^^^^^^^^^^^^^^^^^^^^
  File "/workspaces/sugarglitch-realops/improve_codebase.py", line 152, in validate_all_sessions
    validation_results = self.session_validator.validate_batch(
                         ^^^^^^^^^^^^^^^^^^^^^^^^^^^^^^^^^^^^^
AttributeError: 'SessionBatchValidator' object has no attribute 'validate_batch'

2025-05-26 21:53:24,459 - utils.error_handler - INFO - 🚀 Starting consolidate_configurations at 2025-05-26 21:53:24.459689
2025-05-26 21:53:24,461 - utils.error_handler - INFO - ✅ Completed consolidate_configurations successfully
2025-05-26 21:53:24,462 - utils.error_handler - INFO - 🚀 Starting create_requirements_analysis at 2025-05-26 21:53:24.462087
2025-05-26 21:53:24,462 - utils.error_handler - INFO - ✅ Completed create_requirements_analysis successfully
2025-05-26 21:53:24,462 - utils.error_handler - INFO - 🚀 Starting create_project_structure_report at 2025-05-26 21:53:24.462611
2025-05-26 21:53:24,465 - utils.error_handler - INFO - ✅ Completed create_project_structure_report successfully
2025-05-26 21:53:24,465 - utils.error_handler - INFO - ✅ Completed run_improvement_pipeline successfully
2025-05-26 21:53:24,475 - utils.error_handler - INFO - ✅ Completed run_tool successfully
2025-05-26 21:53:24,475 - utils.error_handler - INFO - 🚀 Starting run_tool at 2025-05-26 21:53:24.475976
2025-05-26 21:53:25,423 - utils.error_handler - INFO - 🚀 Starting run_complete_analysis at 2025-05-26 21:53:25.423651
2025-05-26 21:53:25,423 - utils.error_handler - INFO - 🚀 Starting find_database_files at 2025-05-26 21:53:25.423854
2025-05-26 21:53:25,425 - utils.error_handler - INFO - ✅ Completed find_database_files successfully
2025-05-26 21:53:25,426 - utils.error_handler - INFO - 🚀 Starting analyze_database_structure at 2025-05-26 21:53:25.426096
2025-05-26 21:53:25,440 - utils.error_handler - INFO - ✅ Completed analyze_database_structure successfully
2025-05-26 21:53:25,441 - utils.error_handler - INFO - 🚀 Starting analyze_database_structure at 2025-05-26 21:53:25.441225
2025-05-26 21:53:25,448 - utils.error_handler - INFO - ✅ Completed analyze_database_structure successfully
2025-05-26 21:53:25,449 - utils.error_handler - INFO - 🚀 Starting analyze_database_structure at 2025-05-26 21:53:25.449285
2025-05-26 21:53:25,454 - utils.error_handler - INFO - ✅ Completed analyze_database_structure successfully
2025-05-26 21:53:25,454 - utils.error_handler - INFO - 🚀 Starting analyze_database_structure at 2025-05-26 21:53:25.454812
2025-05-26 21:53:25,469 - utils.error_handler - INFO - ✅ Completed analyze_database_structure successfully
2025-05-26 21:53:25,469 - utils.error_handler - INFO - 🚀 Starting analyze_database_structure at 2025-05-26 21:53:25.469280
2025-05-26 21:53:25,477 - utils.error_handler - INFO - ✅ Completed analyze_database_structure successfully
2025-05-26 21:53:25,478 - utils.error_handler - INFO - 🚀 Starting analyze_database_structure at 2025-05-26 21:53:25.478073
2025-05-26 21:53:25,485 - utils.error_handler - INFO - ✅ Completed analyze_database_structure successfully
2025-05-26 21:53:25,485 - utils.error_handler - INFO - 🚀 Starting analyze_database_structure at 2025-05-26 21:53:25.485899
2025-05-26 21:53:25,492 - utils.error_handler - INFO - ✅ Completed analyze_database_structure successfully
2025-05-26 21:53:25,492 - utils.error_handler - INFO - 🚀 Starting create_consolidated_database at 2025-05-26 21:53:25.492547
2025-05-26 21:53:25,524 - utils.error_handler - INFO - ✅ Completed create_consolidated_database successfully
2025-05-26 21:53:25,524 - utils.error_handler - INFO - 🚀 Starting export_database_summary at 2025-05-26 21:53:25.524314
2025-05-26 21:53:25,536 - utils.error_handler - INFO - ✅ Completed export_database_summary successfully
2025-05-26 21:53:25,536 - utils.error_handler - INFO - ✅ Completed run_complete_analysis successfully
2025-05-26 21:53:25,636 - utils.error_handler - INFO - ✅ Completed run_tool successfully
2025-05-26 21:53:25,636 - utils.error_handler - INFO - 🚀 Starting run_tool at 2025-05-26 21:53:25.636614
2025-05-26 21:53:25,705 - utils.error_handler - INFO - 🚀 Starting run_complete_validation at 2025-05-26 21:53:25.705558
2025-05-26 21:53:25,705 - utils.error_handler - INFO - 🚀 Starting test_utility_modules at 2025-05-26 21:53:25.705976
2025-05-26 21:53:25,706 - utils.error_handler - ERROR - ❌ Error in test_utility_modules: cannot access local variable 'safe_print' where it is not associated with a value
2025-05-26 21:53:25,714 - utils.error_handler - ERROR - Full traceback: Traceback (most recent call last):
  File "/workspaces/sugarglitch-realops/utils/error_handler.py", line 37, in wrapper
    result = func(*args, **kwargs)
             ^^^^^^^^^^^^^^^^^^^^^
  File "/workspaces/sugarglitch-realops/validate_codebase.py", line 67, in test_utility_modules
    safe_print("🧪 Testing utility modules...")
    ^^^^^^^^^^
UnboundLocalError: cannot access local variable 'safe_print' where it is not associated with a value

2025-05-26 21:53:25,714 - utils.error_handler - INFO - 🚀 Starting test_improved_code_syntax at 2025-05-26 21:53:25.714544
2025-05-26 21:53:26,161 - utils.error_handler - INFO - ✅ Completed test_improved_code_syntax successfully
2025-05-26 21:53:26,162 - utils.error_handler - INFO - 🚀 Starting test_json_files_validity at 2025-05-26 21:53:26.162065
2025-05-26 21:53:26,175 - utils.error_handler - INFO - ✅ Completed test_json_files_validity successfully
2025-05-26 21:53:26,176 - utils.error_handler - INFO - 🚀 Starting test_database_connectivity at 2025-05-26 21:53:26.176203
2025-05-26 21:53:26,191 - utils.error_handler - INFO - ✅ Completed test_database_connectivity successfully
2025-05-26 21:53:26,191 - utils.error_handler - INFO - 🚀 Starting test_requirements_installation at 2025-05-26 21:53:26.191569
2025-05-26 21:53:27,265 - utils.error_handler - INFO - ✅ Completed test_requirements_installation successfully
2025-05-26 21:53:27,265 - utils.error_handler - INFO - 🚀 Starting test_file_permissions at 2025-05-26 21:53:27.265618
2025-05-26 21:53:27,266 - utils.error_handler - INFO - ✅ Completed test_file_permissions successfully
2025-05-26 21:53:27,266 - utils.error_handler - INFO - 🚀 Starting test_data_integrity at 2025-05-26 21:53:27.266120
2025-05-26 21:53:27,268 - utils.error_handler - INFO - ✅ Completed test_data_integrity successfully
2025-05-26 21:53:27,268 - utils.error_handler - INFO - 🚀 Starting calculate_overall_score at 2025-05-26 21:53:27.268593
2025-05-26 21:53:27,268 - utils.error_handler - INFO - ✅ Completed calculate_overall_score successfully
2025-05-26 21:53:27,270 - utils.error_handler - INFO - ✅ Completed run_complete_validation successfully
2025-05-26 21:53:27,280 - utils.error_handler - INFO - ✅ Completed run_tool successfully
2025-05-26 21:53:27,280 - utils.error_handler - INFO - ✅ Completed quick_start successfully
2025-05-26 22:15:26,862 - utils.error_handler - INFO - 🚀 Starting run_cleanup at 2025-05-26 22:15:26.862161
2025-05-26 22:15:26,867 - utils.error_handler - INFO - 🚀 Starting analyze_space_usage at 2025-05-26 22:15:26.867647
2025-05-26 22:15:27,397 - utils.error_handler - INFO - ✅ Completed analyze_space_usage successfully
2025-05-26 22:15:27,397 - utils.error_handler - INFO - 🚀 Starting cleanup_pycache at 2025-05-26 22:15:27.397763
2025-05-26 22:15:27,417 - utils.error_handler - INFO - ✅ Completed cleanup_pycache successfully
2025-05-26 22:15:27,417 - utils.error_handler - INFO - 🚀 Starting cleanup_temp_files at 2025-05-26 22:15:27.417772
2025-05-26 22:15:27,579 - utils.error_handler - INFO - ✅ Completed cleanup_temp_files successfully
2025-05-26 22:15:27,580 - utils.error_handler - INFO - 🚀 Starting cleanup_old_logs at 2025-05-26 22:15:27.580087
2025-05-26 22:15:27,598 - utils.error_handler - INFO - ✅ Completed cleanup_old_logs successfully
2025-05-26 22:15:27,598 - utils.error_handler - INFO - 🚀 Starting cleanup_empty_folders at 2025-05-26 22:15:27.598297
2025-05-26 22:15:27,648 - utils.error_handler - INFO - ✅ Completed cleanup_empty_folders successfully
2025-05-26 22:15:27,649 - utils.error_handler - INFO - 🚀 Starting cleanup_duplicate_files at 2025-05-26 22:15:27.649048
2025-05-26 22:15:27,818 - utils.error_handler - INFO - ✅ Completed cleanup_duplicate_files successfully
2025-05-26 22:15:27,819 - utils.error_handler - INFO - ✅ Completed run_cleanup successfully
2025-05-26 22:16:36,387 - utils.error_handler - INFO - 🚀 Starting run_cleanup at 2025-05-26 22:16:36.387642
2025-05-26 22:16:36,387 - utils.error_handler - INFO - 🚀 Starting analyze_space_usage at 2025-05-26 22:16:36.387863
2025-05-26 22:16:36,596 - utils.error_handler - INFO - ✅ Completed analyze_space_usage successfully
2025-05-26 22:16:36,596 - utils.error_handler - INFO - 🚀 Starting cleanup_pycache at 2025-05-26 22:16:36.596963
2025-05-26 22:16:36,814 - utils.error_handler - INFO - ✅ Completed cleanup_pycache successfully
2025-05-26 22:16:36,814 - utils.error_handler - INFO - 🚀 Starting cleanup_temp_files at 2025-05-26 22:16:36.814665
2025-05-26 22:16:36,975 - utils.error_handler - INFO - ✅ Completed cleanup_temp_files successfully
2025-05-26 22:16:36,976 - utils.error_handler - INFO - 🚀 Starting cleanup_old_logs at 2025-05-26 22:16:36.975997
2025-05-26 22:16:36,992 - utils.error_handler - INFO - ✅ Completed cleanup_old_logs successfully
2025-05-26 22:16:36,992 - utils.error_handler - INFO - 🚀 Starting cleanup_empty_folders at 2025-05-26 22:16:36.992159
2025-05-26 22:16:37,113 - utils.error_handler - INFO - ✅ Completed cleanup_empty_folders successfully
2025-05-26 22:16:37,113 - utils.error_handler - INFO - 🚀 Starting cleanup_duplicate_files at 2025-05-26 22:16:37.113536
2025-05-26 22:16:37,333 - utils.error_handler - INFO - ✅ Completed cleanup_duplicate_files successfully
2025-05-26 22:16:37,334 - utils.error_handler - INFO - 🚀 Starting create_cleanup_summary at 2025-05-26 22:16:37.334040
2025-05-26 22:16:37,334 - utils.error_handler - INFO - ✅ Completed create_cleanup_summary successfully
2025-05-26 22:16:37,335 - utils.error_handler - INFO - ✅ Completed run_cleanup successfully
