2025-05-27 06:09:54,463 - INFO - 🚀 Starting Browser-Only DM Extraction...
2025-05-27 06:09:54,463 - INFO - 🌐 Setting up stealth browser...
2025-05-27 06:09:54,521 - INFO - ====== WebDriver manager ======
2025-05-27 06:09:54,590 - INFO - Get LATEST chromedriver version for google-chrome
2025-05-27 06:09:54,601 - INFO - Get LATEST chromedriver version for google-chrome
2025-05-27 06:09:54,613 - INFO - Driver [/home/codespace/.wdm/drivers/chromedriver/linux64/136.0.7103.113/chromedriver-linux64/chromedriver] found in cache
2025-05-27 06:09:54,799 - ERROR - ❌ Failed to setup browser: Message: session not created: probably user data directory is already in use, please specify a unique value for --user-data-dir argument, or don't use --user-data-dir
Stacktrace:
#0 0x57f8b106371a <unknown>
#1 0x57f8b0b060a0 <unknown>
#2 0x57f8b0b401ff <unknown>
#3 0x57f8b0b3bc0f <unknown>
#4 0x57f8b0b8bd75 <unknown>
#5 0x57f8b0b8b296 <unknown>
#6 0x57f8b0b7d173 <unknown>
#7 0x57f8b0b49d4b <unknown>
#8 0x57f8b0b4a9b1 <unknown>
#9 0x57f8b10288cb <unknown>
#10 0x57f8b102c7ca <unknown>
#11 0x57f8b1010622 <unknown>
#12 0x57f8b102d354 <unknown>
#13 0x57f8b0ff545f <unknown>
#14 0x57f8b10514f8 <unknown>
#15 0x57f8b10516d6 <unknown>
#16 0x57f8b1062586 <unknown>
#17 0x7c024c81f609 start_thread

