2025-05-27 06:09:21,328 - INFO - 🚀 Ultimate Working DM Extractor 2025 initialized
2025-05-27 06:09:21,328 - INFO - 🚀 Starting Ultimate DM Extraction...
2025-05-27 06:09:21,328 - INFO - 🔄 Trying Fresh Instagrapi Login...
2025-05-27 06:09:21,328 - INFO - 🔄 Method 1: Attempting fresh instagrapi login...
2025-05-27 06:09:21,328 - INFO - 🔐 Attempting fresh login...
2025-05-27 06:09:22,689 - INFO - https://i.instagram.com/api/v1/launcher/sync/
2025-05-27 06:09:23,500 - INFO - alx.trading [200] POST https://i.instagram.com/api/v1/launcher/sync/ (203.0.0.29.118, samsung galaxy_s8)
2025-05-27 06:09:26,810 - INFO - https://i.instagram.com/api/v1/accounts/login/
2025-05-27 06:09:27,514 - INFO - alx.trading [400] POST https://i.instagram.com/api/v1/accounts/login/ (203.0.0.29.118, samsung galaxy_s8)
2025-05-27 06:09:27,514 - ERROR - ❌ Bad password - credentials may be incorrect
2025-05-27 06:09:27,514 - ERROR - ❌ Fresh Instagrapi Login authentication failed
2025-05-27 06:09:27,515 - INFO - 🔄 Trying Browser Automation...
2025-05-27 06:09:27,515 - INFO - 🌐 Method 2: Starting browser automation...
2025-05-27 06:09:27,515 - INFO - ====== WebDriver manager ======
2025-05-27 06:09:27,586 - INFO - Get LATEST chromedriver version for google-chrome
2025-05-27 06:09:27,597 - INFO - Get LATEST chromedriver version for google-chrome
2025-05-27 06:09:27,609 - INFO - Driver [/home/codespace/.wdm/drivers/chromedriver/linux64/136.0.7103.113/chromedriver-linux64/chromedriver] found in cache
2025-05-27 06:09:27,796 - ERROR - ❌ Method 2 failed: Message: session not created: probably user data directory is already in use, please specify a unique value for --user-data-dir argument, or don't use --user-data-dir
Stacktrace:
#0 0x57563997471a <unknown>
#1 0x5756394170a0 <unknown>
#2 0x5756394511ff <unknown>
#3 0x57563944cc0f <unknown>
#4 0x57563949cd75 <unknown>
#5 0x57563949c296 <unknown>
#6 0x57563948e173 <unknown>
#7 0x57563945ad4b <unknown>
#8 0x57563945b9b1 <unknown>
#9 0x5756399398cb <unknown>
#10 0x57563993d7ca <unknown>
#11 0x575639921622 <unknown>
#12 0x57563993e354 <unknown>
#13 0x57563990645f <unknown>
#14 0x5756399624f8 <unknown>
#15 0x5756399626d6 <unknown>
#16 0x575639973586 <unknown>
#17 0x73026e55c609 start_thread

2025-05-27 06:09:27,797 - ERROR - ❌ Browser Automation authentication failed
