2025-06-02 23:35:57,556 - INFO - 🚀 Ultimate Working DM Extractor 2025 initialized
2025-06-02 23:35:57,556 - INFO - 🚀 Starting Ultimate DM Extraction...
2025-06-02 23:35:57,556 - INFO - 🔄 Trying Fresh Instagrapi Login...
2025-06-02 23:35:57,556 - INFO - 🔄 Method 1: Attempting fresh instagrapi login...
2025-06-02 23:35:57,557 - INFO - 🔐 Attempting fresh login...
2025-06-02 23:35:58,667 - INFO - https://i.instagram.com/api/v1/launcher/sync/
2025-06-02 23:35:59,559 - INFO - alx.trading [200] POST https://i.instagram.com/api/v1/launcher/sync/ (203.0.0.29.118, samsung galaxy_s8)
2025-06-02 23:36:02,027 - INFO - https://i.instagram.com/api/v1/accounts/login/
2025-06-02 23:36:03,188 - INFO - alx.trading [400] POST https://i.instagram.com/api/v1/accounts/login/ (203.0.0.29.118, samsung galaxy_s8)
2025-06-02 23:36:03,189 - ERROR - ❌ Bad password - credentials may be incorrect
2025-06-02 23:36:03,190 - ERROR - ❌ Fresh Instagrapi Login authentication failed
2025-06-02 23:36:03,192 - INFO - 🔄 Trying Browser Automation...
2025-06-02 23:36:03,192 - INFO - 🌐 Method 2: Starting browser automation...
2025-06-02 23:36:03,192 - INFO - ====== WebDriver manager ======
2025-06-02 23:36:03,230 - INFO - Get LATEST chromedriver version for google-chrome
2025-06-02 23:36:03,252 - INFO - About to download new driver from https://chromedriver.storage.googleapis.com/114.0.5735.90/chromedriver_linux64.zip
2025-06-02 23:36:03,269 - INFO - Driver downloading response is 200
2025-06-02 23:36:03,358 - INFO - Get LATEST chromedriver version for google-chrome
2025-06-02 23:36:03,569 - INFO - Get LATEST chromedriver version for google-chrome
2025-06-02 23:36:03,594 - INFO - Driver has been saved in cache [/home/codespace/.wdm/drivers/chromedriver/linux64/114.0.5735.90]
2025-06-02 23:36:21,314 - ERROR - ❌ Method 2 failed: Message: session not created: probably user data directory is already in use, please specify a unique value for --user-data-dir argument, or don't use --user-data-dir
Stacktrace:
#0 0x57b905a12c4a <unknown>
#1 0x57b9054b86e0 <unknown>
#2 0x57b9054f30b2 <unknown>
#3 0x57b9054ee24f <unknown>
#4 0x57b90553e8b6 <unknown>
#5 0x57b90553df76 <unknown>
#6 0x57b90552fc03 <unknown>
#7 0x57b9054fc47b <unknown>
#8 0x57b9054fd0e1 <unknown>
#9 0x57b9059d73fb <unknown>
#10 0x57b9059db32f <unknown>
#11 0x57b9059bef39 <unknown>
#12 0x57b9059dbec8 <unknown>
#13 0x57b9059a368f <unknown>
#14 0x57b905a002b8 <unknown>
#15 0x57b905a00496 <unknown>
#16 0x57b905a11b26 <unknown>
#17 0x797d04282609 start_thread

2025-06-02 23:36:21,314 - ERROR - ❌ Browser Automation authentication failed
