2025-05-27 06:13:52,166 - INFO - 🚀 Starting Simple Session-Based DM Extraction...
2025-05-27 06:13:52,166 - INFO - 🔍 Loading existing session data...
2025-05-27 06:13:52,167 - INFO - ✅ Loaded session from alx_trading_active_session_20250527_050337.json
2025-05-27 06:13:52,167 - INFO - ✅ Loaded sessionid from cookies file
2025-05-27 06:13:52,167 - INFO - 📊 Session data loaded: ['sessionid', 'ds_user_id']
2025-05-27 06:13:52,167 - INFO - 🔍 Testing session validity...
2025-05-27 06:13:53,058 - INFO - Session test response: 401
2025-05-27 06:13:53,058 - WARNING - ⚠️ Session unauthorized (401)
2025-05-27 06:13:53,058 - WARNING - ⚠️ Session validation failed, but continuing anyway...
2025-05-27 06:13:53,058 - INFO - 📥 Attempting simple DM extraction...
2025-05-27 06:13:53,058 - INFO - 🔄 Trying endpoint: https://www.instagram.com/api/v1/direct_v2/inbox/
2025-05-27 06:13:54,118 - INFO - Response: 429
2025-05-27 06:13:54,118 - WARNING - ⚠️ Unexpected response 429 for https://www.instagram.com/api/v1/direct_v2/inbox/
2025-05-27 06:13:54,119 - INFO - 🔄 Trying endpoint: https://i.instagram.com/api/v1/direct_v2/inbox/
2025-05-27 06:13:55,406 - INFO - Response: 404
2025-05-27 06:13:55,406 - WARNING - ⚠️ Endpoint not found: https://i.instagram.com/api/v1/direct_v2/inbox/
2025-05-27 06:13:55,407 - INFO - 🔄 Trying endpoint: https://www.instagram.com/direct/inbox/
2025-05-27 06:13:56,903 - INFO - Response: 200
2025-05-27 06:13:56,904 - INFO - 📄 Got HTML content, attempting to parse...
2025-05-27 06:13:56,904 - INFO - 🔍 Attempting HTML content extraction...
