2025-05-26 05:21:04,541 - INFO - ================================================================================
2025-05-26 05:21:04,542 - INFO - 🔥 ADVANCED STEALTH INTELLIGENCE SYSTEM INITIATED 🔥
2025-05-26 05:21:04,542 - INFO - 🎯 TARGET: whatilove1728
2025-05-26 05:21:04,542 - INFO - 🕵️  ULTRA-SOPHISTICATED STEALTH EXTRACTION IN PROGRESS
2025-05-26 05:21:04,542 - INFO - ================================================================================
2025-05-26 05:21:04,542 - INFO - 🕵️  INITIATING STEALTH PROFILE EXTRACTION
2025-05-26 05:21:04,542 - INFO - 🌐 Attempting stealth profile page access...
2025-05-26 05:21:04,543 - INFO - ⏱️  Human delay: 1.27s
2025-05-26 05:21:06,272 - ERROR - ❌ Direct profile extraction failed: HTTPSConnectionPool(host='www.instagram.com', port=443): Max retries exceeded with url: /whatilove1728/ (Caused by ProxyError('Unable to connect to proxy', OSError('Tunnel connection failed: 403 You are trying to use Scraping Browser zone as regular proxy.')))
2025-05-26 05:21:06,272 - INFO - ⏱️  Human delay: 3.10s
2025-05-26 05:21:09,371 - INFO - 🔍 PROBING ALTERNATIVE ENDPOINTS
2025-05-26 05:21:09,372 - INFO - ⏱️  Human delay: 3.37s
2025-05-26 05:21:12,979 - ERROR - ❌ Alternative endpoint error https://www.instagram.com/whatilove1728/?__a=1: HTTPSConnectionPool(host='www.instagram.com', port=443): Max retries exceeded with url: /whatilove1728/?__a=1 (Caused by ProxyError('Unable to connect to proxy', OSError('Tunnel connection failed: 403 You are trying to use Scraping Browser zone as regular proxy.')))
2025-05-26 05:21:12,979 - INFO - ⏱️  Human delay: 2.83s
2025-05-26 05:21:16,058 - ERROR - ❌ Alternative endpoint error https://i.instagram.com/api/v1/users/web_profile_i: HTTPSConnectionPool(host='i.instagram.com', port=443): Max retries exceeded with url: /api/v1/users/web_profile_info/?username=whatilove1728 (Caused by ProxyError('Unable to connect to proxy', OSError('Tunnel connection failed: 403 You are trying to use Scraping Browser zone as regular proxy.')))
2025-05-26 05:21:16,058 - INFO - ⏱️  Human delay: 3.67s
2025-05-26 05:21:19,966 - ERROR - ❌ Alternative endpoint error https://www.instagram.com/web/search/topsearch/?qu: HTTPSConnectionPool(host='www.instagram.com', port=443): Max retries exceeded with url: /web/search/topsearch/?query=whatilove1728 (Caused by ProxyError('Unable to connect to proxy', OSError('Tunnel connection failed: 403 You are trying to use Scraping Browser zone as regular proxy.')))
2025-05-26 05:21:19,966 - INFO - ⏱️  Human delay: 3.89s
2025-05-26 05:21:23,856 - INFO - 🧠 GATHERING SOCIAL INTELLIGENCE
2025-05-26 05:21:23,856 - INFO - ✅ Social intelligence analysis complete
2025-05-26 05:21:23,856 - INFO - 📊 GENERATING STEALTH INTELLIGENCE REPORT
