2025-05-26 05:20:32,384 - INFO - ================================================================================
2025-05-26 05:20:32,384 - INFO - 🔥 ADVANCED STEALTH INTELLIGENCE SYSTEM INITIATED 🔥
2025-05-26 05:20:32,384 - INFO - 🎯 TARGET: whatilove1728
2025-05-26 05:20:32,385 - INFO - 🕵️  ULTRA-SOPHISTICATED STEALTH EXTRACTION IN PROGRESS
2025-05-26 05:20:32,385 - INFO - ================================================================================
2025-05-26 05:20:32,385 - INFO - 🕵️  INITIATING STEALTH PROFILE EXTRACTION
2025-05-26 05:20:32,385 - INFO - 🌐 Attempting stealth profile page access...
2025-05-26 05:20:32,385 - INFO - ⏱️  Human delay: 1.53s
2025-05-26 05:20:34,365 - ERROR - ❌ Direct profile extraction failed: HTTPSConnectionPool(host='www.instagram.com', port=443): Max retries exceeded with url: /whatilove1728/ (Caused by ProxyError('Unable to connect to proxy', OSError('Tunnel connection failed: 403 You are trying to use Scraping Browser zone as regular proxy.')))
2025-05-26 05:20:34,365 - INFO - ⏱️  Human delay: 5.81s
2025-05-26 05:20:40,179 - INFO - 🔍 PROBING ALTERNATIVE ENDPOINTS
2025-05-26 05:20:40,179 - INFO - ⏱️  Human delay: 2.45s
2025-05-26 05:20:43,542 - ERROR - ❌ Alternative endpoint error https://www.instagram.com/whatilove1728/?__a=1: HTTPSConnectionPool(host='www.instagram.com', port=443): Max retries exceeded with url: /whatilove1728/?__a=1 (Caused by SSLError(SSLCertVerificationError(1, '[SSL: CERTIFICATE_VERIFY_FAILED] certificate verify failed: self signed certificate in certificate chain (_ssl.c:1000)')))
2025-05-26 05:20:43,542 - INFO - ⏱️  Human delay: 3.33s
2025-05-26 05:20:47,321 - ERROR - ❌ Alternative endpoint error https://i.instagram.com/api/v1/users/web_profile_i: HTTPSConnectionPool(host='i.instagram.com', port=443): Max retries exceeded with url: /api/v1/users/web_profile_info/?username=whatilove1728 (Caused by ProxyError('Unable to connect to proxy', OSError('Tunnel connection failed: 403 You are trying to use Scraping Browser zone as regular proxy.')))
2025-05-26 05:20:47,322 - INFO - ⏱️  Human delay: 3.73s
2025-05-26 05:20:51,289 - ERROR - ❌ Alternative endpoint error https://www.instagram.com/web/search/topsearch/?qu: HTTPSConnectionPool(host='www.instagram.com', port=443): Max retries exceeded with url: /web/search/topsearch/?query=whatilove1728 (Caused by ProxyError('Unable to connect to proxy', OSError('Tunnel connection failed: 403 You are trying to use Scraping Browser zone as regular proxy.')))
2025-05-26 05:20:51,289 - INFO - ⏱️  Human delay: 2.73s
2025-05-26 05:20:54,017 - INFO - 🧠 GATHERING SOCIAL INTELLIGENCE
2025-05-26 05:20:54,018 - INFO - ✅ Social intelligence analysis complete
2025-05-26 05:20:54,018 - INFO - 📊 GENERATING STEALTH INTELLIGENCE REPORT
