2025-05-26 05:25:14,287 - INFO - ================================================================================
2025-05-26 05:25:14,287 - INFO - 🔥 ULTIMATE PRODUCTION INTELLIGENCE EXTRACTOR INITIATED 🔥
2025-05-26 05:25:14,288 - INFO - 🎯 TARGET: whatilove1728
2025-05-26 05:25:14,288 - INFO - 🆔 SESSION: EXTRACT_1748237114_53910
2025-05-26 05:25:14,288 - INFO - 🔥 ENTERPRISE-LEVEL MULTI-VECTOR EXTRACTION
2025-05-26 05:25:14,288 - INFO - ================================================================================
2025-05-26 05:25:14,288 - INFO - 📡 METHOD 1: Direct Connection Extraction
2025-05-26 05:25:14,288 - INFO - 🌐 ATTEMPTING DIRECT CONNECTION (NO PROXY)
2025-05-26 05:25:14,826 - WARNING - ❌ Direct connection returned: 429
2025-05-26 05:25:14,827 - WARNING - ❌ Direct connection extraction failed
2025-05-26 05:25:14,832 - INFO - 🌐 METHOD 2: Cross-Platform Intelligence Gathering
2025-05-26 05:25:16,202 - INFO - 🌐 EXTRACTING CROSS-PLATFORM PRESENCE
2025-05-26 05:25:16,203 - INFO - ✅ Cross-platform presence analysis complete
2025-05-26 05:25:16,207 - INFO - 🧠 METHOD 3: Advanced Behavioral Profiling
2025-05-26 05:25:16,835 - INFO - 🧠 GENERATING BEHAVIORAL PROFILE
2025-05-26 05:25:16,836 - INFO - ✅ Behavioral profile generation complete
2025-05-26 05:25:16,836 - INFO - 📊 GENERATING COMPREHENSIVE INTELLIGENCE REPORT
2025-05-26 05:25:16,842 - INFO - 📊 Intelligence report saved: extraction_reports/ULTIMATE_INTELLIGENCE_REPORT_whatilove1728_1748237116.json
2025-05-26 05:25:16,842 - INFO - 💾 Extraction data saved: intelligence_data/EXTRACTION_DATA_whatilove1728_1748237116.json
2025-05-26 05:25:16,842 - INFO - ================================================================================
2025-05-26 05:25:16,842 - INFO - 🔥 ULTIMATE EXTRACTION COMPLETE! 🔥
2025-05-26 05:25:16,842 - INFO - ⏱️  TOTAL EXECUTION TIME: 2.55 seconds
2025-05-26 05:25:16,842 - INFO - 📊 METHODS ATTEMPTED: 3
2025-05-26 05:25:16,843 - INFO - ✅ SUCCESSFUL EXTRACTIONS: 2
2025-05-26 05:25:16,843 - INFO - 📊 SUCCESS RATE: 66.67%
2025-05-26 05:25:16,843 - INFO - 📊 COMPREHENSIVE INTELLIGENCE REPORT GENERATED
2025-05-26 05:25:16,843 - INFO - ================================================================================
