2025-05-25 01:00:33,555 - INFO - 🔥🔥🔥 STARTING DIRECT INSTAGRAM ATTACK 🔥🔥🔥
2025-05-25 01:00:33,556 - INFO - Loaded 2 targets
2025-05-25 01:00:33,556 - INFO - Loaded 79 passwords
2025-05-25 01:00:33,556 - INFO - 🎯 Targets: ['alx.trading', 'whatilove1728']
2025-05-25 01:00:33,556 - INFO - 🔑 Passwords: 79 loaded
2025-05-25 01:00:33,556 - INFO - 🎯 ATTACKING TARGET: alx.trading
2025-05-25 01:00:33,556 - INFO - Attempt 1/79: 123456
2025-05-25 01:00:33,556 - INFO - 🎯 Direct attack: alx.trading:123456
2025-05-25 01:00:35,557 - INFO - 🖥️ Virtual display started: :18
2025-05-25 01:00:37,558 - INFO - 🖥️ Virtual display started: :19
2025-05-25 01:00:37,559 - INFO - Creating chrome browser session...
2025-05-25 01:00:37,570 - INFO - ====== WebDriver manager ======
2025-05-25 01:00:37,640 - INFO - Get LATEST chromedriver version for google-chrome
2025-05-25 01:00:37,651 - INFO - Get LATEST chromedriver version for google-chrome
2025-05-25 01:00:37,662 - INFO - Driver [/home/codespace/.wdm/drivers/chromedriver/linux64/136.0.7103.113/chromedriver-linux64/chromedriver] found in cache
2025-05-25 01:00:38,078 - INFO - ✅ Anti-detection measures applied
2025-05-25 01:00:38,078 - INFO - ✅ Browser session created successfully
2025-05-25 01:00:38,080 - INFO - Navigating to Instagram...
2025-05-25 01:00:43,777 - INFO - Current URL: https://www.instagram.com/accounts/login/
2025-05-25 01:01:43,961 - ERROR - Attack attempt failed: Could not find username field
2025-05-25 01:01:44,037 - INFO - ✅ Browser session closed
2025-05-25 01:01:44,037 - INFO - ✅ Virtual display stopped
2025-05-25 01:01:44,038 - WARNING - Retrying (Retry(total=2, connect=None, read=None, redirect=None, status=None)) after connection broken by 'NewConnectionError('<urllib3.connection.HTTPConnection object at 0x7e66e1fa1280>: Failed to establish a new connection: [Errno 111] Connection refused')': /session/3f234ea1fadf4184ea738f9d016b31cf
2025-05-25 01:01:44,038 - WARNING - Retrying (Retry(total=1, connect=None, read=None, redirect=None, status=None)) after connection broken by 'NewConnectionError('<urllib3.connection.HTTPConnection object at 0x7e66e1fa1610>: Failed to establish a new connection: [Errno 111] Connection refused')': /session/3f234ea1fadf4184ea738f9d016b31cf
2025-05-25 01:01:44,039 - WARNING - Retrying (Retry(total=0, connect=None, read=None, redirect=None, status=None)) after connection broken by 'NewConnectionError('<urllib3.connection.HTTPConnection object at 0x7e66e1fa17f0>: Failed to establish a new connection: [Errno 111] Connection refused')': /session/3f234ea1fadf4184ea738f9d016b31cf
2025-05-25 01:01:44,039 - INFO - ✅ Browser session closed
2025-05-25 01:01:44,039 - INFO - ✅ Virtual display stopped
2025-05-25 01:01:44,039 - INFO - Attempt 2/79: password
2025-05-25 01:01:44,040 - INFO - Waiting 7.0s before next attempt...
2025-05-25 01:01:51,010 - INFO - 🎯 Direct attack: alx.trading:password
2025-05-25 01:01:53,011 - INFO - 🖥️ Virtual display started: :25
2025-05-25 01:01:55,012 - INFO - 🖥️ Virtual display started: :49
2025-05-25 01:01:55,012 - INFO - Creating chrome browser session...
2025-05-25 01:01:55,013 - INFO - ====== WebDriver manager ======
2025-05-25 01:01:55,080 - INFO - Get LATEST chromedriver version for google-chrome
2025-05-25 01:01:55,090 - INFO - Get LATEST chromedriver version for google-chrome
2025-05-25 01:01:55,107 - INFO - Driver [/home/codespace/.wdm/drivers/chromedriver/linux64/136.0.7103.113/chromedriver-linux64/chromedriver] found in cache
2025-05-25 01:01:55,444 - INFO - ✅ Anti-detection measures applied
2025-05-25 01:01:55,445 - INFO - ✅ Browser session created successfully
2025-05-25 01:01:55,445 - INFO - Navigating to Instagram...
2025-05-25 01:01:59,562 - INFO - Current URL: https://www.instagram.com/accounts/login/
2025-05-25 01:02:59,792 - ERROR - Attack attempt failed: Could not find username field
2025-05-25 01:02:59,868 - INFO - ✅ Browser session closed
2025-05-25 01:02:59,868 - INFO - ✅ Virtual display stopped
2025-05-25 01:02:59,869 - WARNING - Retrying (Retry(total=2, connect=None, read=None, redirect=None, status=None)) after connection broken by 'NewConnectionError('<urllib3.connection.HTTPConnection object at 0x7e66e1fa1a00>: Failed to establish a new connection: [Errno 111] Connection refused')': /session/9a17746f083acb5c6d0cca2202dae395
2025-05-25 01:02:59,870 - WARNING - Retrying (Retry(total=1, connect=None, read=None, redirect=None, status=None)) after connection broken by 'NewConnectionError('<urllib3.connection.HTTPConnection object at 0x7e66e1fa19d0>: Failed to establish a new connection: [Errno 111] Connection refused')': /session/9a17746f083acb5c6d0cca2202dae395
2025-05-25 01:02:59,870 - WARNING - Retrying (Retry(total=0, connect=None, read=None, redirect=None, status=None)) after connection broken by 'NewConnectionError('<urllib3.connection.HTTPConnection object at 0x7e66e1fa1cd0>: Failed to establish a new connection: [Errno 111] Connection refused')': /session/9a17746f083acb5c6d0cca2202dae395
2025-05-25 01:02:59,871 - INFO - ✅ Browser session closed
2025-05-25 01:02:59,871 - INFO - ✅ Virtual display stopped
2025-05-25 01:02:59,871 - INFO - Attempt 3/79: 123456789
2025-05-25 01:02:59,871 - INFO - Waiting 6.9s before next attempt...
2025-05-25 01:03:06,756 - INFO - 🎯 Direct attack: alx.trading:123456789
2025-05-25 01:03:08,757 - INFO - 🖥️ Virtual display started: :34
2025-05-25 01:03:10,758 - INFO - 🖥️ Virtual display started: :43
2025-05-25 01:03:10,759 - INFO - Creating chrome browser session...
2025-05-25 01:03:10,759 - INFO - ====== WebDriver manager ======
2025-05-25 01:03:10,828 - INFO - Get LATEST chromedriver version for google-chrome
2025-05-25 01:03:10,839 - INFO - Get LATEST chromedriver version for google-chrome
2025-05-25 01:03:10,850 - INFO - Driver [/home/codespace/.wdm/drivers/chromedriver/linux64/136.0.7103.113/chromedriver-linux64/chromedriver] found in cache
2025-05-25 01:03:11,177 - INFO - ✅ Anti-detection measures applied
2025-05-25 01:03:11,177 - INFO - ✅ Browser session created successfully
2025-05-25 01:03:11,177 - INFO - Navigating to Instagram...
2025-05-25 01:03:16,834 - INFO - Current URL: https://www.instagram.com/accounts/login/
2025-05-25 01:04:17,049 - ERROR - Attack attempt failed: Could not find username field
2025-05-25 01:04:17,129 - INFO - ✅ Browser session closed
2025-05-25 01:04:17,129 - INFO - ✅ Virtual display stopped
2025-05-25 01:04:17,130 - WARNING - Retrying (Retry(total=2, connect=None, read=None, redirect=None, status=None)) after connection broken by 'NewConnectionError('<urllib3.connection.HTTPConnection object at 0x7e66e1fa16a0>: Failed to establish a new connection: [Errno 111] Connection refused')': /session/4e50543e1de9477e56d982ab65293f59
2025-05-25 01:04:17,130 - WARNING - Retrying (Retry(total=1, connect=None, read=None, redirect=None, status=None)) after connection broken by 'NewConnectionError('<urllib3.connection.HTTPConnection object at 0x7e66e1fa2c00>: Failed to establish a new connection: [Errno 111] Connection refused')': /session/4e50543e1de9477e56d982ab65293f59
2025-05-25 01:04:17,131 - WARNING - Retrying (Retry(total=0, connect=None, read=None, redirect=None, status=None)) after connection broken by 'NewConnectionError('<urllib3.connection.HTTPConnection object at 0x7e66e1fa1070>: Failed to establish a new connection: [Errno 111] Connection refused')': /session/4e50543e1de9477e56d982ab65293f59
2025-05-25 01:04:17,131 - INFO - ✅ Browser session closed
2025-05-25 01:04:17,132 - INFO - ✅ Virtual display stopped
2025-05-25 01:04:17,132 - INFO - Attempt 4/79: 12345678
2025-05-25 01:04:17,132 - INFO - Waiting 9.9s before next attempt...
2025-05-25 01:04:27,075 - INFO - 🎯 Direct attack: alx.trading:12345678
2025-05-25 01:04:29,076 - INFO - 🖥️ Virtual display started: :99
2025-05-25 01:04:31,077 - INFO - 🖥️ Virtual display started: :86
2025-05-25 01:04:31,078 - INFO - Creating chrome browser session...
2025-05-25 01:04:31,078 - INFO - ====== WebDriver manager ======
2025-05-25 01:04:31,154 - INFO - Get LATEST chromedriver version for google-chrome
2025-05-25 01:04:31,164 - INFO - Get LATEST chromedriver version for google-chrome
2025-05-25 01:04:31,173 - INFO - Driver [/home/codespace/.wdm/drivers/chromedriver/linux64/136.0.7103.113/chromedriver-linux64/chromedriver] found in cache
2025-05-25 01:04:31,527 - INFO - ✅ Anti-detection measures applied
2025-05-25 01:04:31,527 - INFO - ✅ Browser session created successfully
2025-05-25 01:04:31,527 - INFO - Navigating to Instagram...
2025-05-25 01:04:37,177 - INFO - Current URL: https://www.instagram.com/accounts/login/
2025-05-25 01:05:37,376 - ERROR - Attack attempt failed: Could not find username field
2025-05-25 01:05:37,460 - INFO - ✅ Browser session closed
2025-05-25 01:05:37,460 - INFO - ✅ Virtual display stopped
2025-05-25 01:05:37,461 - WARNING - Retrying (Retry(total=2, connect=None, read=None, redirect=None, status=None)) after connection broken by 'NewConnectionError('<urllib3.connection.HTTPConnection object at 0x7e66e1fa1b20>: Failed to establish a new connection: [Errno 111] Connection refused')': /session/6af68d94f9414f3ae025b6a5f3a6dd4a
2025-05-25 01:05:37,462 - WARNING - Retrying (Retry(total=1, connect=None, read=None, redirect=None, status=None)) after connection broken by 'NewConnectionError('<urllib3.connection.HTTPConnection object at 0x7e66e1fa0f20>: Failed to establish a new connection: [Errno 111] Connection refused')': /session/6af68d94f9414f3ae025b6a5f3a6dd4a
2025-05-25 01:05:37,462 - WARNING - Retrying (Retry(total=0, connect=None, read=None, redirect=None, status=None)) after connection broken by 'NewConnectionError('<urllib3.connection.HTTPConnection object at 0x7e66e1fa19d0>: Failed to establish a new connection: [Errno 111] Connection refused')': /session/6af68d94f9414f3ae025b6a5f3a6dd4a
2025-05-25 01:05:37,463 - INFO - ✅ Browser session closed
2025-05-25 01:05:37,463 - INFO - ✅ Virtual display stopped
2025-05-25 01:05:37,463 - INFO - Attempt 5/79: 12345
2025-05-25 01:05:37,463 - INFO - Waiting 11.4s before next attempt...
2025-05-25 01:05:48,869 - INFO - 🎯 Direct attack: alx.trading:12345
2025-05-25 01:05:50,870 - INFO - 🖥️ Virtual display started: :42
2025-05-25 01:05:52,872 - INFO - 🖥️ Virtual display started: :29
2025-05-25 01:05:52,872 - INFO - Creating chrome browser session...
2025-05-25 01:05:52,872 - INFO - ====== WebDriver manager ======
2025-05-25 01:05:52,939 - INFO - Get LATEST chromedriver version for google-chrome
2025-05-25 01:05:52,952 - INFO - Get LATEST chromedriver version for google-chrome
2025-05-25 01:05:52,960 - INFO - Driver [/home/codespace/.wdm/drivers/chromedriver/linux64/136.0.7103.113/chromedriver-linux64/chromedriver] found in cache
2025-05-25 01:05:53,351 - INFO - ✅ Anti-detection measures applied
2025-05-25 01:05:53,352 - INFO - ✅ Browser session created successfully
2025-05-25 01:05:53,352 - INFO - Navigating to Instagram...
2025-05-25 01:05:58,312 - INFO - Current URL: https://www.instagram.com/accounts/login/
2025-05-25 01:06:58,507 - ERROR - Attack attempt failed: Could not find username field
2025-05-25 01:06:58,582 - INFO - ✅ Browser session closed
2025-05-25 01:06:58,582 - INFO - ✅ Virtual display stopped
2025-05-25 01:06:58,583 - WARNING - Retrying (Retry(total=2, connect=None, read=None, redirect=None, status=None)) after connection broken by 'NewConnectionError('<urllib3.connection.HTTPConnection object at 0x7e66e1fa29f0>: Failed to establish a new connection: [Errno 111] Connection refused')': /session/2f1d677cd511a9f2ad11364af2cdde85
2025-05-25 01:06:58,584 - WARNING - Retrying (Retry(total=1, connect=None, read=None, redirect=None, status=None)) after connection broken by 'NewConnectionError('<urllib3.connection.HTTPConnection object at 0x7e66e1fa1280>: Failed to establish a new connection: [Errno 111] Connection refused')': /session/2f1d677cd511a9f2ad11364af2cdde85
2025-05-25 01:06:58,584 - WARNING - Retrying (Retry(total=0, connect=None, read=None, redirect=None, status=None)) after connection broken by 'NewConnectionError('<urllib3.connection.HTTPConnection object at 0x7e66e1fa1760>: Failed to establish a new connection: [Errno 111] Connection refused')': /session/2f1d677cd511a9f2ad11364af2cdde85
2025-05-25 01:06:58,585 - INFO - ✅ Browser session closed
2025-05-25 01:06:58,585 - INFO - ✅ Virtual display stopped
2025-05-25 01:06:58,585 - INFO - Attempt 6/79: 1234567
2025-05-25 01:06:58,585 - INFO - Waiting 14.0s before next attempt...
2025-05-25 01:07:12,619 - INFO - 🎯 Direct attack: alx.trading:1234567
2025-05-25 01:07:14,620 - INFO - 🖥️ Virtual display started: :15
2025-05-25 01:07:16,621 - INFO - 🖥️ Virtual display started: :56
2025-05-25 01:07:16,621 - INFO - Creating chrome browser session...
2025-05-25 01:07:16,622 - INFO - ====== WebDriver manager ======
2025-05-25 01:07:16,691 - INFO - Get LATEST chromedriver version for google-chrome
2025-05-25 01:07:16,702 - INFO - Get LATEST chromedriver version for google-chrome
2025-05-25 01:07:16,712 - INFO - Driver [/home/codespace/.wdm/drivers/chromedriver/linux64/136.0.7103.113/chromedriver-linux64/chromedriver] found in cache
2025-05-25 01:07:17,046 - INFO - ✅ Anti-detection measures applied
2025-05-25 01:07:17,046 - INFO - ✅ Browser session created successfully
2025-05-25 01:07:17,046 - INFO - Navigating to Instagram...
2025-05-25 01:07:21,563 - INFO - Current URL: https://www.instagram.com/accounts/login/
2025-05-25 01:08:21,677 - ERROR - Attack attempt failed: Could not find username field
2025-05-25 01:08:21,753 - INFO - ✅ Browser session closed
2025-05-25 01:08:21,754 - INFO - ✅ Virtual display stopped
2025-05-25 01:08:21,754 - WARNING - Retrying (Retry(total=2, connect=None, read=None, redirect=None, status=None)) after connection broken by 'NewConnectionError('<urllib3.connection.HTTPConnection object at 0x7e66e1fa24e0>: Failed to establish a new connection: [Errno 111] Connection refused')': /session/87fde83a93093b33b7c56170faa86296
2025-05-25 01:08:21,755 - WARNING - Retrying (Retry(total=1, connect=None, read=None, redirect=None, status=None)) after connection broken by 'NewConnectionError('<urllib3.connection.HTTPConnection object at 0x7e66e1fa18b0>: Failed to establish a new connection: [Errno 111] Connection refused')': /session/87fde83a93093b33b7c56170faa86296
2025-05-25 01:08:21,756 - WARNING - Retrying (Retry(total=0, connect=None, read=None, redirect=None, status=None)) after connection broken by 'NewConnectionError('<urllib3.connection.HTTPConnection object at 0x7e66e1fa2330>: Failed to establish a new connection: [Errno 111] Connection refused')': /session/87fde83a93093b33b7c56170faa86296
2025-05-25 01:08:21,756 - INFO - ✅ Browser session closed
2025-05-25 01:08:21,756 - INFO - ✅ Virtual display stopped
2025-05-25 01:08:21,757 - INFO - Attempt 7/79: 1234567890
2025-05-25 01:08:21,757 - INFO - Waiting 6.1s before next attempt...
2025-05-25 01:08:27,823 - INFO - 🎯 Direct attack: alx.trading:1234567890
2025-05-25 01:08:29,824 - INFO - 🖥️ Virtual display started: :18
2025-05-25 01:08:31,825 - INFO - 🖥️ Virtual display started: :73
2025-05-25 01:08:31,825 - INFO - Creating chrome browser session...
2025-05-25 01:08:31,825 - INFO - ====== WebDriver manager ======
2025-05-25 01:08:31,905 - INFO - Get LATEST chromedriver version for google-chrome
2025-05-25 01:08:31,915 - INFO - Get LATEST chromedriver version for google-chrome
2025-05-25 01:08:31,925 - INFO - Driver [/home/codespace/.wdm/drivers/chromedriver/linux64/136.0.7103.113/chromedriver-linux64/chromedriver] found in cache
2025-05-25 01:08:32,277 - INFO - ✅ Anti-detection measures applied
2025-05-25 01:08:32,277 - INFO - ✅ Browser session created successfully
2025-05-25 01:08:32,277 - INFO - Navigating to Instagram...
2025-05-25 01:08:36,065 - INFO - Current URL: https://www.instagram.com/accounts/login/
2025-05-25 01:09:36,225 - ERROR - Attack attempt failed: Could not find username field
2025-05-25 01:09:36,297 - INFO - ✅ Browser session closed
2025-05-25 01:09:36,297 - INFO - ✅ Virtual display stopped
2025-05-25 01:09:36,298 - WARNING - Retrying (Retry(total=2, connect=None, read=None, redirect=None, status=None)) after connection broken by 'NewConnectionError('<urllib3.connection.HTTPConnection object at 0x7e66e1fa3470>: Failed to establish a new connection: [Errno 111] Connection refused')': /session/cfa4b8a14133ddb886ffe94ab50c4a05
2025-05-25 01:09:36,298 - WARNING - Retrying (Retry(total=1, connect=None, read=None, redirect=None, status=None)) after connection broken by 'NewConnectionError('<urllib3.connection.HTTPConnection object at 0x7e66e1fa11c0>: Failed to establish a new connection: [Errno 111] Connection refused')': /session/cfa4b8a14133ddb886ffe94ab50c4a05
2025-05-25 01:09:36,299 - WARNING - Retrying (Retry(total=0, connect=None, read=None, redirect=None, status=None)) after connection broken by 'NewConnectionError('<urllib3.connection.HTTPConnection object at 0x7e66e1fa3680>: Failed to establish a new connection: [Errno 111] Connection refused')': /session/cfa4b8a14133ddb886ffe94ab50c4a05
2025-05-25 01:09:36,299 - INFO - ✅ Browser session closed
2025-05-25 01:09:36,299 - INFO - ✅ Virtual display stopped
2025-05-25 01:09:36,299 - INFO - Attempt 8/79: qwerty
2025-05-25 01:09:36,300 - INFO - Waiting 12.1s before next attempt...
2025-05-25 01:09:48,411 - INFO - 🎯 Direct attack: alx.trading:qwerty
2025-05-25 01:09:50,413 - INFO - 🖥️ Virtual display started: :60
2025-05-25 01:09:52,414 - INFO - 🖥️ Virtual display started: :91
2025-05-25 01:09:52,414 - INFO - Creating chrome browser session...
2025-05-25 01:09:52,414 - INFO - ====== WebDriver manager ======
2025-05-25 01:09:52,483 - INFO - Get LATEST chromedriver version for google-chrome
2025-05-25 01:09:52,494 - INFO - Get LATEST chromedriver version for google-chrome
2025-05-25 01:09:52,503 - INFO - Driver [/home/codespace/.wdm/drivers/chromedriver/linux64/136.0.7103.113/chromedriver-linux64/chromedriver] found in cache
2025-05-25 01:09:52,884 - INFO - ✅ Anti-detection measures applied
2025-05-25 01:09:52,884 - INFO - ✅ Browser session created successfully
2025-05-25 01:09:52,884 - INFO - Navigating to Instagram...
2025-05-25 01:09:59,140 - INFO - Current URL: https://www.instagram.com/accounts/login/
2025-05-25 01:10:56,574 - ERROR - Attack attempt failed: Could not find username field
2025-05-25 01:10:56,579 - WARNING - Retrying (Retry(total=2, connect=None, read=None, redirect=None, status=None)) after connection broken by 'NewConnectionError('<urllib3.connection.HTTPConnection object at 0x7e66e1fa1d60>: Failed to establish a new connection: [Errno 111] Connection refused')': /session/d86d86f356e343547956b13cddd47319
2025-05-25 01:10:56,580 - WARNING - Retrying (Retry(total=1, connect=None, read=None, redirect=None, status=None)) after connection broken by 'NewConnectionError('<urllib3.connection.HTTPConnection object at 0x7e66e1fa2990>: Failed to establish a new connection: [Errno 111] Connection refused')': /session/d86d86f356e343547956b13cddd47319
2025-05-25 01:10:56,582 - WARNING - Retrying (Retry(total=0, connect=None, read=None, redirect=None, status=None)) after connection broken by 'NewConnectionError('<urllib3.connection.HTTPConnection object at 0x7e66e1fa1940>: Failed to establish a new connection: [Errno 111] Connection refused')': /session/d86d86f356e343547956b13cddd47319
2025-05-25 01:10:56,584 - INFO - ✅ Browser session closed
2025-05-25 01:10:56,588 - INFO - ✅ Virtual display stopped
2025-05-25 01:10:56,588 - INFO - Attempt 9/79: abc123
2025-05-25 01:10:56,588 - INFO - Waiting 8.2s before next attempt...
2025-05-25 01:11:04,746 - INFO - 🎯 Direct attack: alx.trading:abc123
2025-05-25 01:11:06,747 - INFO - 🖥️ Virtual display started: :31
2025-05-25 01:11:08,748 - INFO - 🖥️ Virtual display started: :52
2025-05-25 01:11:08,749 - INFO - Creating chrome browser session...
2025-05-25 01:11:08,749 - INFO - ====== WebDriver manager ======
2025-05-25 01:11:08,817 - INFO - Get LATEST chromedriver version for google-chrome
2025-05-25 01:11:08,830 - WARNING - Retrying (Retry(total=2, connect=None, read=None, redirect=None, status=None)) after connection broken by 'NewConnectionError('<urllib3.connection.HTTPConnection object at 0x7e66e1fa3470>: Failed to establish a new connection: [Errno 111] Connection refused')': /session/d86d86f356e343547956b13cddd47319
2025-05-25 01:11:08,831 - WARNING - Retrying (Retry(total=1, connect=None, read=None, redirect=None, status=None)) after connection broken by 'NewConnectionError('<urllib3.connection.HTTPConnection object at 0x7e66e1fa3830>: Failed to establish a new connection: [Errno 111] Connection refused')': /session/d86d86f356e343547956b13cddd47319
2025-05-25 01:11:08,831 - WARNING - Retrying (Retry(total=0, connect=None, read=None, redirect=None, status=None)) after connection broken by 'NewConnectionError('<urllib3.connection.HTTPConnection object at 0x7e66e1fa2150>: Failed to establish a new connection: [Errno 111] Connection refused')': /session/d86d86f356e343547956b13cddd47319
2025-05-25 01:11:08,832 - INFO - ✅ Browser session closed
2025-05-25 01:11:08,832 - INFO - Get LATEST chromedriver version for google-chrome
2025-05-25 01:11:08,843 - INFO - Driver [/home/codespace/.wdm/drivers/chromedriver/linux64/136.0.7103.113/chromedriver-linux64/chromedriver] found in cache
2025-05-25 01:11:09,230 - INFO - ✅ Anti-detection measures applied
2025-05-25 01:11:09,230 - INFO - ✅ Browser session created successfully
2025-05-25 01:11:09,230 - INFO - Navigating to Instagram...
2025-05-25 01:11:13,207 - INFO - Current URL: https://www.instagram.com/accounts/login/
2025-05-25 01:12:13,436 - ERROR - Attack attempt failed: Could not find username field
2025-05-25 01:12:13,514 - INFO - ✅ Browser session closed
2025-05-25 01:12:13,515 - WARNING - Retrying (Retry(total=2, connect=None, read=None, redirect=None, status=None)) after connection broken by 'NewConnectionError('<urllib3.connection.HTTPConnection object at 0x7e66e1fa2090>: Failed to establish a new connection: [Errno 111] Connection refused')': /session/79857f23f050457321bf91bc3794a7d9
2025-05-25 01:12:13,516 - WARNING - Retrying (Retry(total=1, connect=None, read=None, redirect=None, status=None)) after connection broken by 'NewConnectionError('<urllib3.connection.HTTPConnection object at 0x7e66e1fa2030>: Failed to establish a new connection: [Errno 111] Connection refused')': /session/79857f23f050457321bf91bc3794a7d9
2025-05-25 01:12:13,516 - WARNING - Retrying (Retry(total=0, connect=None, read=None, redirect=None, status=None)) after connection broken by 'NewConnectionError('<urllib3.connection.HTTPConnection object at 0x7e66e1fa1dc0>: Failed to establish a new connection: [Errno 111] Connection refused')': /session/79857f23f050457321bf91bc3794a7d9
2025-05-25 01:12:13,517 - INFO - ✅ Browser session closed
2025-05-25 01:12:13,517 - INFO - Attempt 10/79: 111111
2025-05-25 01:12:13,517 - INFO - Waiting 11.5s before next attempt...
2025-05-25 01:12:24,990 - INFO - 🎯 Direct attack: alx.trading:111111
2025-05-25 01:12:26,991 - INFO - 🖥️ Virtual display started: :79
2025-05-25 01:12:28,993 - INFO - 🖥️ Virtual display started: :90
2025-05-25 01:12:28,993 - INFO - Creating chrome browser session...
2025-05-25 01:12:28,993 - INFO - ====== WebDriver manager ======
2025-05-25 01:12:29,062 - INFO - Get LATEST chromedriver version for google-chrome
2025-05-25 01:12:29,073 - INFO - Get LATEST chromedriver version for google-chrome
2025-05-25 01:12:29,083 - INFO - Driver [/home/codespace/.wdm/drivers/chromedriver/linux64/136.0.7103.113/chromedriver-linux64/chromedriver] found in cache
2025-05-25 01:12:29,440 - INFO - ✅ Anti-detection measures applied
2025-05-25 01:12:29,441 - INFO - ✅ Browser session created successfully
2025-05-25 01:12:29,441 - INFO - Navigating to Instagram...
2025-05-25 01:12:35,654 - INFO - Current URL: https://www.instagram.com/accounts/login/
2025-05-25 01:13:35,907 - ERROR - Attack attempt failed: Could not find username field
2025-05-25 01:13:35,988 - INFO - ✅ Browser session closed
2025-05-25 01:13:35,988 - INFO - ✅ Virtual display stopped
2025-05-25 01:13:35,989 - WARNING - Retrying (Retry(total=2, connect=None, read=None, redirect=None, status=None)) after connection broken by 'NewConnectionError('<urllib3.connection.HTTPConnection object at 0x7e66e1fa1430>: Failed to establish a new connection: [Errno 111] Connection refused')': /session/05c76a3ac82acc4f10369375bbab3d5b
2025-05-25 01:13:35,989 - WARNING - Retrying (Retry(total=1, connect=None, read=None, redirect=None, status=None)) after connection broken by 'NewConnectionError('<urllib3.connection.HTTPConnection object at 0x7e66e1fa22d0>: Failed to establish a new connection: [Errno 111] Connection refused')': /session/05c76a3ac82acc4f10369375bbab3d5b
2025-05-25 01:13:35,990 - WARNING - Retrying (Retry(total=0, connect=None, read=None, redirect=None, status=None)) after connection broken by 'NewConnectionError('<urllib3.connection.HTTPConnection object at 0x7e66e1fa23f0>: Failed to establish a new connection: [Errno 111] Connection refused')': /session/05c76a3ac82acc4f10369375bbab3d5b
2025-05-25 01:13:35,991 - INFO - ✅ Browser session closed
2025-05-25 01:13:35,991 - INFO - ✅ Virtual display stopped
2025-05-25 01:13:35,991 - INFO - Attempt 11/79: 123123
2025-05-25 01:13:35,991 - INFO - Waiting 14.1s before next attempt...
2025-05-25 01:13:50,065 - INFO - 🎯 Direct attack: alx.trading:123123
2025-05-25 01:13:52,066 - INFO - 🖥️ Virtual display started: :12
2025-05-25 01:13:54,067 - INFO - 🖥️ Virtual display started: :32
2025-05-25 01:13:54,067 - INFO - Creating chrome browser session...
2025-05-25 01:13:54,067 - INFO - ====== WebDriver manager ======
2025-05-25 01:13:54,136 - INFO - Get LATEST chromedriver version for google-chrome
2025-05-25 01:13:54,147 - INFO - Get LATEST chromedriver version for google-chrome
2025-05-25 01:13:54,157 - INFO - Driver [/home/codespace/.wdm/drivers/chromedriver/linux64/136.0.7103.113/chromedriver-linux64/chromedriver] found in cache
2025-05-25 01:13:54,483 - INFO - ✅ Anti-detection measures applied
2025-05-25 01:13:54,484 - INFO - ✅ Browser session created successfully
2025-05-25 01:13:54,484 - INFO - Navigating to Instagram...
2025-05-25 01:14:00,863 - INFO - Current URL: https://www.instagram.com/accounts/login/
2025-05-25 01:15:01,081 - ERROR - Attack attempt failed: Could not find username field
2025-05-25 01:15:01,156 - INFO - ✅ Browser session closed
2025-05-25 01:15:01,156 - INFO - ✅ Virtual display stopped
2025-05-25 01:15:01,157 - WARNING - Retrying (Retry(total=2, connect=None, read=None, redirect=None, status=None)) after connection broken by 'NewConnectionError('<urllib3.connection.HTTPConnection object at 0x7e66e1fa3f80>: Failed to establish a new connection: [Errno 111] Connection refused')': /session/29a04d4b3e5006bbbfb438f7bd7a2a5a
2025-05-25 01:15:01,158 - WARNING - Retrying (Retry(total=1, connect=None, read=None, redirect=None, status=None)) after connection broken by 'NewConnectionError('<urllib3.connection.HTTPConnection object at 0x7e66e1fa3950>: Failed to establish a new connection: [Errno 111] Connection refused')': /session/29a04d4b3e5006bbbfb438f7bd7a2a5a
2025-05-25 01:15:01,158 - WARNING - Retrying (Retry(total=0, connect=None, read=None, redirect=None, status=None)) after connection broken by 'NewConnectionError('<urllib3.connection.HTTPConnection object at 0x7e66e1fa24e0>: Failed to establish a new connection: [Errno 111] Connection refused')': /session/29a04d4b3e5006bbbfb438f7bd7a2a5a
2025-05-25 01:15:01,159 - INFO - ✅ Browser session closed
2025-05-25 01:15:01,159 - INFO - ✅ Virtual display stopped
2025-05-25 01:15:01,159 - INFO - Attempt 12/79: admin
2025-05-25 01:15:01,159 - INFO - Waiting 13.6s before next attempt...
2025-05-25 01:15:14,723 - INFO - 🎯 Direct attack: alx.trading:admin
2025-05-25 01:15:16,725 - INFO - 🖥️ Virtual display started: :39
2025-05-25 01:15:18,726 - INFO - 🖥️ Virtual display started: :23
2025-05-25 01:15:18,726 - INFO - Creating chrome browser session...
2025-05-25 01:15:18,726 - INFO - ====== WebDriver manager ======
2025-05-25 01:15:18,794 - INFO - Get LATEST chromedriver version for google-chrome
2025-05-25 01:15:18,806 - INFO - Get LATEST chromedriver version for google-chrome
2025-05-25 01:15:18,815 - INFO - Driver [/home/codespace/.wdm/drivers/chromedriver/linux64/136.0.7103.113/chromedriver-linux64/chromedriver] found in cache
2025-05-25 01:15:19,186 - INFO - ✅ Anti-detection measures applied
2025-05-25 01:15:19,186 - INFO - ✅ Browser session created successfully
2025-05-25 01:15:19,186 - INFO - Navigating to Instagram...
2025-05-25 01:15:24,205 - INFO - Current URL: https://www.instagram.com/accounts/login/
2025-05-25 01:16:24,443 - ERROR - Attack attempt failed: Could not find username field
2025-05-25 01:16:24,518 - INFO - ✅ Browser session closed
2025-05-25 01:16:24,519 - WARNING - Retrying (Retry(total=2, connect=None, read=None, redirect=None, status=None)) after connection broken by 'NewConnectionError('<urllib3.connection.HTTPConnection object at 0x7e66e1fa3290>: Failed to establish a new connection: [Errno 111] Connection refused')': /session/c8d8a19516ed03c874e6c2dfbc060b80
2025-05-25 01:16:24,519 - WARNING - Retrying (Retry(total=1, connect=None, read=None, redirect=None, status=None)) after connection broken by 'NewConnectionError('<urllib3.connection.HTTPConnection object at 0x7e66e1fa2ff0>: Failed to establish a new connection: [Errno 111] Connection refused')': /session/c8d8a19516ed03c874e6c2dfbc060b80
2025-05-25 01:16:24,520 - WARNING - Retrying (Retry(total=0, connect=None, read=None, redirect=None, status=None)) after connection broken by 'NewConnectionError('<urllib3.connection.HTTPConnection object at 0x7e66e1fa1430>: Failed to establish a new connection: [Errno 111] Connection refused')': /session/c8d8a19516ed03c874e6c2dfbc060b80
2025-05-25 01:16:24,520 - INFO - ✅ Browser session closed
2025-05-25 01:16:24,520 - INFO - Attempt 13/79: letmein
2025-05-25 01:16:24,521 - INFO - Waiting 6.9s before next attempt...
2025-05-25 01:16:31,400 - INFO - 🎯 Direct attack: alx.trading:letmein
2025-05-25 01:16:33,401 - INFO - 🖥️ Virtual display started: :38
2025-05-25 01:16:35,402 - INFO - 🖥️ Virtual display started: :41
2025-05-25 01:16:35,402 - INFO - Creating chrome browser session...
2025-05-25 01:16:35,403 - INFO - ====== WebDriver manager ======
2025-05-25 01:16:35,477 - INFO - Get LATEST chromedriver version for google-chrome
2025-05-25 01:16:35,486 - INFO - Get LATEST chromedriver version for google-chrome
2025-05-25 01:16:35,494 - INFO - Driver [/home/codespace/.wdm/drivers/chromedriver/linux64/136.0.7103.113/chromedriver-linux64/chromedriver] found in cache
2025-05-25 01:16:35,817 - INFO - ✅ Anti-detection measures applied
2025-05-25 01:16:35,817 - INFO - ✅ Browser session created successfully
2025-05-25 01:16:35,817 - INFO - Navigating to Instagram...
2025-05-25 01:16:41,127 - INFO - Current URL: https://www.instagram.com/accounts/login/
2025-05-25 01:17:41,247 - ERROR - Attack attempt failed: Could not find username field
2025-05-25 01:17:41,317 - INFO - ✅ Browser session closed
2025-05-25 01:17:41,318 - INFO - ✅ Virtual display stopped
2025-05-25 01:17:41,319 - WARNING - Retrying (Retry(total=2, connect=None, read=None, redirect=None, status=None)) after connection broken by 'NewConnectionError('<urllib3.connection.HTTPConnection object at 0x7e66e1fa3650>: Failed to establish a new connection: [Errno 111] Connection refused')': /session/9dbd5286a9b961cd27e67365444347a3
2025-05-25 01:17:41,319 - WARNING - Retrying (Retry(total=1, connect=None, read=None, redirect=None, status=None)) after connection broken by 'NewConnectionError('<urllib3.connection.HTTPConnection object at 0x7e66e1fa2d50>: Failed to establish a new connection: [Errno 111] Connection refused')': /session/9dbd5286a9b961cd27e67365444347a3
2025-05-25 01:17:41,320 - WARNING - Retrying (Retry(total=0, connect=None, read=None, redirect=None, status=None)) after connection broken by 'NewConnectionError('<urllib3.connection.HTTPConnection object at 0x7e66e1fa28a0>: Failed to establish a new connection: [Errno 111] Connection refused')': /session/9dbd5286a9b961cd27e67365444347a3
2025-05-25 01:17:41,321 - INFO - ✅ Browser session closed
2025-05-25 01:17:41,321 - INFO - ✅ Virtual display stopped
2025-05-25 01:17:41,321 - INFO - Attempt 14/79: welcome
2025-05-25 01:17:41,322 - INFO - Waiting 9.9s before next attempt...
2025-05-25 01:17:51,272 - INFO - 🎯 Direct attack: alx.trading:welcome
2025-05-25 01:17:53,277 - INFO - 🖥️ Virtual display started: :31
2025-05-25 01:17:55,279 - INFO - 🖥️ Virtual display started: :65
2025-05-25 01:17:55,282 - INFO - Creating chrome browser session...
2025-05-25 01:17:55,282 - INFO - ====== WebDriver manager ======
2025-05-25 01:17:55,707 - INFO - Get LATEST chromedriver version for google-chrome
2025-05-25 01:17:55,725 - INFO - Get LATEST chromedriver version for google-chrome
2025-05-25 01:17:55,737 - INFO - Driver [/home/codespace/.wdm/drivers/chromedriver/linux64/136.0.7103.113/chromedriver-linux64/chromedriver] found in cache
2025-05-25 01:17:56,525 - INFO - ✅ Anti-detection measures applied
2025-05-25 01:17:56,525 - INFO - ✅ Browser session created successfully
2025-05-25 01:17:56,525 - INFO - Navigating to Instagram...
2025-05-25 01:18:01,151 - INFO - Current URL: https://www.instagram.com/accounts/login/
2025-05-25 01:18:40,886 - WARNING - Retrying (Retry(total=2, connect=None, read=None, redirect=None, status=None)) after connection broken by 'NewConnectionError('<urllib3.connection.HTTPConnection object at 0x7e66e1fa2480>: Failed to establish a new connection: [Errno 111] Connection refused')': /session/d4ae2c5740b259e1448810e763803fd6/elements
2025-05-25 01:18:40,889 - WARNING - Retrying (Retry(total=1, connect=None, read=None, redirect=None, status=None)) after connection broken by 'NewConnectionError('<urllib3.connection.HTTPConnection object at 0x7e66e1fa23c0>: Failed to establish a new connection: [Errno 111] Connection refused')': /session/d4ae2c5740b259e1448810e763803fd6/elements
2025-05-25 01:18:40,890 - WARNING - Retrying (Retry(total=0, connect=None, read=None, redirect=None, status=None)) after connection broken by 'NewConnectionError('<urllib3.connection.HTTPConnection object at 0x7e66e1fa2f60>: Failed to establish a new connection: [Errno 111] Connection refused')': /session/d4ae2c5740b259e1448810e763803fd6/elements
2025-05-25 01:18:40,891 - ERROR - Attack attempt failed: Could not find username field
2025-05-25 01:18:40,892 - WARNING - Retrying (Retry(total=2, connect=None, read=None, redirect=None, status=None)) after connection broken by 'NewConnectionError('<urllib3.connection.HTTPConnection object at 0x7e66e1fa31a0>: Failed to establish a new connection: [Errno 111] Connection refused')': /session/d4ae2c5740b259e1448810e763803fd6
2025-05-25 01:18:40,893 - WARNING - Retrying (Retry(total=1, connect=None, read=None, redirect=None, status=None)) after connection broken by 'NewConnectionError('<urllib3.connection.HTTPConnection object at 0x7e66e1fa3e30>: Failed to establish a new connection: [Errno 111] Connection refused')': /session/d4ae2c5740b259e1448810e763803fd6
2025-05-25 01:18:40,893 - WARNING - Retrying (Retry(total=0, connect=None, read=None, redirect=None, status=None)) after connection broken by 'NewConnectionError('<urllib3.connection.HTTPConnection object at 0x7e66e1f02b10>: Failed to establish a new connection: [Errno 111] Connection refused')': /session/d4ae2c5740b259e1448810e763803fd6
2025-05-25 01:18:40,894 - INFO - ✅ Browser session closed
2025-05-25 01:18:40,894 - INFO - ✅ Virtual display stopped
2025-05-25 01:18:40,894 - INFO - Attempt 15/79: monkey
2025-05-25 01:18:40,894 - INFO - Waiting 12.0s before next attempt...
2025-05-25 01:18:52,847 - INFO - 🎯 Direct attack: alx.trading:monkey
2025-05-25 01:18:54,848 - INFO - 🖥️ Virtual display started: :81
2025-05-25 01:18:56,849 - INFO - 🖥️ Virtual display started: :98
2025-05-25 01:18:56,850 - INFO - Creating chrome browser session...
2025-05-25 01:18:56,850 - INFO - ====== WebDriver manager ======
2025-05-25 01:18:56,919 - INFO - Get LATEST chromedriver version for google-chrome
2025-05-25 01:18:56,929 - WARNING - Retrying (Retry(total=2, connect=None, read=None, redirect=None, status=None)) after connection broken by 'NewConnectionError('<urllib3.connection.HTTPConnection object at 0x7e66e1fa2cc0>: Failed to establish a new connection: [Errno 111] Connection refused')': /session/d4ae2c5740b259e1448810e763803fd6
2025-05-25 01:18:56,930 - WARNING - Retrying (Retry(total=1, connect=None, read=None, redirect=None, status=None)) after connection broken by 'NewConnectionError('<urllib3.connection.HTTPConnection object at 0x7e66e1fa1430>: Failed to establish a new connection: [Errno 111] Connection refused')': /session/d4ae2c5740b259e1448810e763803fd6
2025-05-25 01:18:56,930 - WARNING - Retrying (Retry(total=0, connect=None, read=None, redirect=None, status=None)) after connection broken by 'NewConnectionError('<urllib3.connection.HTTPConnection object at 0x7e66e1fa3b30>: Failed to establish a new connection: [Errno 111] Connection refused')': /session/d4ae2c5740b259e1448810e763803fd6
2025-05-25 01:18:56,931 - INFO - ✅ Browser session closed
2025-05-25 01:18:56,931 - INFO - Get LATEST chromedriver version for google-chrome
2025-05-25 01:18:56,940 - INFO - Driver [/home/codespace/.wdm/drivers/chromedriver/linux64/136.0.7103.113/chromedriver-linux64/chromedriver] found in cache
2025-05-25 01:18:57,304 - INFO - ✅ Anti-detection measures applied
2025-05-25 01:18:57,304 - INFO - ✅ Browser session created successfully
2025-05-25 01:18:57,305 - INFO - Navigating to Instagram...
2025-05-25 01:19:03,403 - INFO - Current URL: https://www.instagram.com/accounts/login/
